{"C:\\Users\\TornadoGyumri\\Desktop\\class-components\\react-class-components\\src\\testUtils.ts": {"path":"C:\\Users\\TornadoGyumri\\Desktop\\class-components\\react-class-components\\src\\testUtils.ts","statementMap":{"0":{"start":{"line":2,"column":0},"end":{"line":2,"column":48}},"1":{"start":{"line":3,"column":0},"end":{"line":3,"column":48}},"2":{"start":{"line":5,"column":32},"end":{"line":7,"column":1}},"3":{"start":{"line":6,"column":4},"end":{"line":6,"column":49}},"4":{"start":{"line":5,"column":13},"end":{"line":5,"column":32}}},"fnMap":{"0":{"name":"(anonymous_0)","decl":{"start":{"line":5,"column":32},"end":{"line":5,"column":33}},"loc":{"start":{"line":5,"column":59},"end":{"line":7,"column":1}}}},"branchMap":{},"s":{"0":3,"1":3,"2":3,"3":7,"4":3},"f":{"0":7},"b":{}}
,"C:\\Users\\TornadoGyumri\\Desktop\\class-components\\react-class-components\\src\\api\\index.ts": {"path":"C:\\Users\\TornadoGyumri\\Desktop\\class-components\\react-class-components\\src\\api\\index.ts","statementMap":{"0":{"start":{"line":1,"column":23},"end":{"line":13,"column":1}},"1":{"start":{"line":2,"column":4},"end":{"line":12,"column":5}},"2":{"start":{"line":3,"column":25},"end":{"line":3,"column":41}},"3":{"start":{"line":4,"column":8},"end":{"line":6,"column":9}},"4":{"start":{"line":5,"column":12},"end":{"line":5,"column":70}},"5":{"start":{"line":7,"column":21},"end":{"line":7,"column":42}},"6":{"start":{"line":8,"column":8},"end":{"line":8,"column":20}},"7":{"start":{"line":10,"column":8},"end":{"line":10,"column":45}},"8":{"start":{"line":11,"column":8},"end":{"line":11,"column":41}},"9":{"start":{"line":1,"column":13},"end":{"line":1,"column":23}}},"fnMap":{"0":{"name":"(anonymous_0)","decl":{"start":{"line":1,"column":23},"end":{"line":1,"column":28}},"loc":{"start":{"line":1,"column":45},"end":{"line":13,"column":1}}}},"branchMap":{"0":{"loc":{"start":{"line":4,"column":8},"end":{"line":6,"column":9}},"type":"if","locations":[{"start":{"line":4,"column":8},"end":{"line":6,"column":9}}]}},"s":{"0":1,"1":3,"2":3,"3":3,"4":0,"5":3,"6":3,"7":0,"8":0,"9":1},"f":{"0":3},"b":{"0":[0]}}
,"C:\\Users\\TornadoGyumri\\Desktop\\class-components\\react-class-components\\src\\components\\App\\App.tsx": {"path":"C:\\Users\\TornadoGyumri\\Desktop\\class-components\\react-class-components\\src\\components\\App\\App.tsx","statementMap":{"0":{"start":{"line":1,"column":0},"end":{"line":1,"column":51}},"1":{"start":{"line":2,"column":0},"end":{"line":2,"column":38}},"2":{"start":{"line":3,"column":0},"end":{"line":3,"column":42}},"3":{"start":{"line":4,"column":0},"end":{"line":4,"column":61}},"4":{"start":{"line":5,"column":0},"end":{"line":5,"column":58}},"5":{"start":{"line":6,"column":0},"end":{"line":6,"column":41}},"6":{"start":{"line":7,"column":0},"end":{"line":7,"column":60}},"7":{"start":{"line":10,"column":22},"end":{"line":79,"column":1}},"8":{"start":{"line":11,"column":34},"end":{"line":11,"column":58}},"9":{"start":{"line":12,"column":32},"end":{"line":12,"column":72}},"10":{"start":{"line":13,"column":42},"end":{"line":13,"column":91}},"11":{"start":{"line":14,"column":40},"end":{"line":14,"column":81}},"12":{"start":{"line":16,"column":32},"end":{"line":16,"column":48}},"13":{"start":{"line":17,"column":25},"end":{"line":17,"column":42}},"14":{"start":{"line":19,"column":22},"end":{"line":32,"column":5}},"15":{"start":{"line":20,"column":8},"end":{"line":20,"column":25}},"16":{"start":{"line":21,"column":37},"end":{"line":21,"column":50}},"17":{"start":{"line":23,"column":52},"end":{"line":23,"column":54}},"18":{"start":{"line":24,"column":8},"end":{"line":24,"column":59}},"19":{"start":{"line":24,"column":24},"end":{"line":24,"column":59}},"20":{"start":{"line":25,"column":8},"end":{"line":25,"column":53}},"21":{"start":{"line":25,"column":18},"end":{"line":25,"column":53}},"22":{"start":{"line":27,"column":32},"end":{"line":27,"column":64}},"23":{"start":{"line":28,"column":23},"end":{"line":28,"column":88}},"24":{"start":{"line":30,"column":8},"end":{"line":30,"column":26}},"25":{"start":{"line":31,"column":8},"end":{"line":31,"column":61}},"26":{"start":{"line":34,"column":4},"end":{"line":38,"column":40}},"27":{"start":{"line":35,"column":8},"end":{"line":37,"column":11}},"28":{"start":{"line":36,"column":12},"end":{"line":36,"column":30}},"29":{"start":{"line":40,"column":22},"end":{"line":47,"column":5}},"30":{"start":{"line":41,"column":25},"end":{"line":41,"column":80}},"31":{"start":{"line":41,"column":44},"end":{"line":41,"column":64}},"32":{"start":{"line":43,"column":23},"end":{"line":43,"column":68}},"33":{"start":{"line":44,"column":8},"end":{"line":44,"column":26}},"34":{"start":{"line":46,"column":8},"end":{"line":46,"column":33}},"35":{"start":{"line":49,"column":30},"end":{"line":53,"column":5}},"36":{"start":{"line":50,"column":23},"end":{"line":50,"column":77}},"37":{"start":{"line":52,"column":8},"end":{"line":52,"column":26}},"38":{"start":{"line":55,"column":25},"end":{"line":60,"column":5}},"39":{"start":{"line":56,"column":8},"end":{"line":56,"column":34}},"40":{"start":{"line":57,"column":23},"end":{"line":57,"column":71}},"41":{"start":{"line":59,"column":8},"end":{"line":59,"column":26}},"42":{"start":{"line":62,"column":4},"end":{"line":78,"column":6}},"43":{"start":{"line":81,"column":0},"end":{"line":81,"column":19}}},"fnMap":{"0":{"name":"(anonymous_7)","decl":{"start":{"line":10,"column":22},"end":{"line":10,"column":25}},"loc":{"start":{"line":10,"column":27},"end":{"line":79,"column":1}}},"1":{"name":"(anonymous_8)","decl":{"start":{"line":19,"column":22},"end":{"line":19,"column":27}},"loc":{"start":{"line":19,"column":95},"end":{"line":32,"column":5}}},"2":{"name":"(anonymous_9)","decl":{"start":{"line":34,"column":14},"end":{"line":34,"column":17}},"loc":{"start":{"line":34,"column":19},"end":{"line":38,"column":5}}},"3":{"name":"(anonymous_10)","decl":{"start":{"line":35,"column":64},"end":{"line":35,"column":65}},"loc":{"start":{"line":35,"column":75},"end":{"line":37,"column":9}}},"4":{"name":"(anonymous_11)","decl":{"start":{"line":40,"column":22},"end":{"line":40,"column":27}},"loc":{"start":{"line":40,"column":48},"end":{"line":47,"column":5}}},"5":{"name":"(anonymous_12)","decl":{"start":{"line":41,"column":35},"end":{"line":41,"column":36}},"loc":{"start":{"line":41,"column":44},"end":{"line":41,"column":64}}},"6":{"name":"(anonymous_13)","decl":{"start":{"line":49,"column":30},"end":{"line":49,"column":35}},"loc":{"start":{"line":49,"column":53},"end":{"line":53,"column":5}}},"7":{"name":"(anonymous_14)","decl":{"start":{"line":55,"column":25},"end":{"line":55,"column":30}},"loc":{"start":{"line":55,"column":54},"end":{"line":60,"column":5}}}},"branchMap":{"0":{"loc":{"start":{"line":21,"column":37},"end":{"line":21,"column":50}},"type":"binary-expr","locations":[{"start":{"line":21,"column":37},"end":{"line":21,"column":44}},{"start":{"line":21,"column":48},"end":{"line":21,"column":50}}]},"1":{"loc":{"start":{"line":24,"column":8},"end":{"line":24,"column":59}},"type":"if","locations":[{"start":{"line":24,"column":8},"end":{"line":24,"column":59}}]},"2":{"loc":{"start":{"line":25,"column":8},"end":{"line":25,"column":53}},"type":"if","locations":[{"start":{"line":25,"column":8},"end":{"line":25,"column":53}}]},"3":{"loc":{"start":{"line":41,"column":25},"end":{"line":41,"column":80}},"type":"binary-expr","locations":[{"start":{"line":41,"column":25},"end":{"line":41,"column":65}},{"start":{"line":41,"column":69},"end":{"line":41,"column":80}}]}},"s":{"0":1,"1":1,"2":1,"3":1,"4":1,"5":1,"6":1,"7":1,"8":8,"9":7,"10":7,"11":7,"12":7,"13":7,"14":7,"15":3,"16":3,"17":3,"18":3,"19":0,"20":3,"21":3,"22":3,"23":3,"24":3,"25":3,"26":7,"27":3,"28":3,"29":7,"30":0,"31":0,"32":0,"33":0,"34":0,"35":7,"36":0,"37":0,"38":7,"39":0,"40":0,"41":0,"42":7,"43":1},"f":{"0":8,"1":3,"2":3,"3":3,"4":0,"5":0,"6":0,"7":0},"b":{"0":[3,0],"1":[0],"2":[3],"3":[0,0]}}
,"C:\\Users\\TornadoGyumri\\Desktop\\class-components\\react-class-components\\src\\components\\Details\\Details.tsx": {"path":"C:\\Users\\TornadoGyumri\\Desktop\\class-components\\react-class-components\\src\\components\\Details\\Details.tsx","statementMap":{"0":{"start":{"line":1,"column":0},"end":{"line":1,"column":55}},"1":{"start":{"line":2,"column":0},"end":{"line":2,"column":56}},"2":{"start":{"line":3,"column":0},"end":{"line":3,"column":55}},"3":{"start":{"line":4,"column":0},"end":{"line":4,"column":32}},"4":{"start":{"line":6,"column":0},"end":{"line":6,"column":40}},"5":{"start":{"line":7,"column":0},"end":{"line":7,"column":42}},"6":{"start":{"line":13,"column":34},"end":{"line":62,"column":1}},"7":{"start":{"line":14,"column":34},"end":{"line":14,"column":49}},"8":{"start":{"line":15,"column":34},"end":{"line":15,"column":67}},"9":{"start":{"line":17,"column":43},"end":{"line":17,"column":59}},"10":{"start":{"line":18,"column":19},"end":{"line":18,"column":30}},"11":{"start":{"line":20,"column":4},"end":{"line":27,"column":34}},"12":{"start":{"line":21,"column":8},"end":{"line":21,"column":38}},"13":{"start":{"line":21,"column":21},"end":{"line":21,"column":38}},"14":{"start":{"line":22,"column":8},"end":{"line":22,"column":25}},"15":{"start":{"line":23,"column":8},"end":{"line":26,"column":11}},"16":{"start":{"line":24,"column":12},"end":{"line":24,"column":30}},"17":{"start":{"line":25,"column":12},"end":{"line":25,"column":31}},"18":{"start":{"line":29,"column":4},"end":{"line":31,"column":5}},"19":{"start":{"line":30,"column":8},"end":{"line":30,"column":39}},"20":{"start":{"line":33,"column":4},"end":{"line":33,"column":41}},"21":{"start":{"line":33,"column":29},"end":{"line":33,"column":41}},"22":{"start":{"line":35,"column":4},"end":{"line":61,"column":6}},"23":{"start":{"line":39,"column":16},"end":{"line":39,"column":36}},"24":{"start":{"line":45,"column":20},"end":{"line":45,"column":37}},"25":{"start":{"line":54,"column":20},"end":{"line":56,"column":null}},"26":{"start":{"line":64,"column":0},"end":{"line":64,"column":23}}},"fnMap":{"0":{"name":"(anonymous_7)","decl":{"start":{"line":13,"column":34},"end":{"line":13,"column":35}},"loc":{"start":{"line":13,"column":58},"end":{"line":62,"column":1}}},"1":{"name":"(anonymous_8)","decl":{"start":{"line":20,"column":14},"end":{"line":20,"column":17}},"loc":{"start":{"line":20,"column":19},"end":{"line":27,"column":5}}},"2":{"name":"(anonymous_9)","decl":{"start":{"line":23,"column":65},"end":{"line":23,"column":66}},"loc":{"start":{"line":23,"column":76},"end":{"line":26,"column":9}}},"3":{"name":"(anonymous_10)","decl":{"start":{"line":38,"column":21},"end":{"line":38,"column":22}},"loc":{"start":{"line":38,"column":27},"end":{"line":40,"column":13}}},"4":{"name":"(anonymous_11)","decl":{"start":{"line":44,"column":25},"end":{"line":44,"column":28}},"loc":{"start":{"line":44,"column":30},"end":{"line":46,"column":17}}},"5":{"name":"(anonymous_12)","decl":{"start":{"line":53,"column":45},"end":{"line":53,"column":46}},"loc":{"start":{"line":54,"column":20},"end":{"line":56,"column":null}}}},"branchMap":{"0":{"loc":{"start":{"line":21,"column":8},"end":{"line":21,"column":38}},"type":"if","locations":[{"start":{"line":21,"column":8},"end":{"line":21,"column":38}}]},"1":{"loc":{"start":{"line":29,"column":4},"end":{"line":31,"column":5}},"type":"if","locations":[{"start":{"line":29,"column":4},"end":{"line":31,"column":5}}]},"2":{"loc":{"start":{"line":33,"column":4},"end":{"line":33,"column":41}},"type":"if","locations":[{"start":{"line":33,"column":4},"end":{"line":33,"column":41}}]},"3":{"loc":{"start":{"line":33,"column":8},"end":{"line":33,"column":27}},"type":"binary-expr","locations":[{"start":{"line":33,"column":8},"end":{"line":33,"column":15}},{"start":{"line":33,"column":19},"end":{"line":33,"column":27}}]}},"s":{"0":2,"1":2,"2":2,"3":2,"4":2,"5":2,"6":2,"7":17,"8":17,"9":17,"10":17,"11":17,"12":6,"13":3,"14":3,"15":3,"16":3,"17":3,"18":17,"19":3,"20":14,"21":11,"22":3,"23":1,"24":1,"25":48,"26":2},"f":{"0":17,"1":6,"2":3,"3":1,"4":1,"5":48},"b":{"0":[3],"1":[3],"2":[11],"3":[14,7]}}
,"C:\\Users\\TornadoGyumri\\Desktop\\class-components\\react-class-components\\src\\components\\HeaderButtons\\HeaderButtons.tsx": {"path":"C:\\Users\\TornadoGyumri\\Desktop\\class-components\\react-class-components\\src\\components\\HeaderButtons\\HeaderButtons.tsx","statementMap":{"0":{"start":{"line":1,"column":0},"end":{"line":1,"column":26}},"1":{"start":{"line":2,"column":0},"end":{"line":2,"column":36}},"2":{"start":{"line":3,"column":0},"end":{"line":3,"column":48}},"3":{"start":{"line":4,"column":0},"end":{"line":4,"column":51}},"4":{"start":{"line":11,"column":52},"end":{"line":27,"column":1}},"5":{"start":{"line":12,"column":24},"end":{"line":24,"column":10}},"6":{"start":{"line":13,"column":8},"end":{"line":24,"column":10}},"7":{"start":{"line":14,"column":12},"end":{"line":22,"column":null}},"8":{"start":{"line":20,"column":31},"end":{"line":20,"column":47}},"9":{"start":{"line":26,"column":4},"end":{"line":26,"column":67}},"10":{"start":{"line":29,"column":0},"end":{"line":29,"column":29}}},"fnMap":{"0":{"name":"(anonymous_1)","decl":{"start":{"line":11,"column":52},"end":{"line":11,"column":53}},"loc":{"start":{"line":11,"column":84},"end":{"line":27,"column":1}}},"1":{"name":"(anonymous_2)","decl":{"start":{"line":12,"column":24},"end":{"line":12,"column":27}},"loc":{"start":{"line":13,"column":8},"end":{"line":24,"column":10}}},"2":{"name":"(anonymous_3)","decl":{"start":{"line":13,"column":17},"end":{"line":13,"column":18}},"loc":{"start":{"line":14,"column":12},"end":{"line":22,"column":null}}},"3":{"name":"(anonymous_4)","decl":{"start":{"line":20,"column":25},"end":{"line":20,"column":28}},"loc":{"start":{"line":20,"column":31},"end":{"line":20,"column":47}}}},"branchMap":{},"s":{"0":2,"1":2,"2":2,"3":2,"4":2,"5":8,"6":8,"7":40,"8":1,"9":8,"10":2},"f":{"0":8,"1":8,"2":40,"3":1},"b":{}}
,"C:\\Users\\TornadoGyumri\\Desktop\\class-components\\react-class-components\\src\\components\\Item\\Item.tsx": {"path":"C:\\Users\\TornadoGyumri\\Desktop\\class-components\\react-class-components\\src\\components\\Item\\Item.tsx","statementMap":{"0":{"start":{"line":1,"column":0},"end":{"line":1,"column":26}},"1":{"start":{"line":2,"column":0},"end":{"line":2,"column":39}},"2":{"start":{"line":4,"column":0},"end":{"line":4,"column":56}},"3":{"start":{"line":5,"column":0},"end":{"line":5,"column":40}},"4":{"start":{"line":11,"column":34},"end":{"line":30,"column":1}},"5":{"start":{"line":12,"column":20},"end":{"line":12,"column":73}},"6":{"start":{"line":13,"column":32},"end":{"line":13,"column":48}},"7":{"start":{"line":14,"column":4},"end":{"line":14,"column":26}},"8":{"start":{"line":15,"column":4},"end":{"line":29,"column":6}},"9":{"start":{"line":21,"column":24},"end":{"line":21,"column":47}},"10":{"start":{"line":32,"column":0},"end":{"line":32,"column":20}}},"fnMap":{"0":{"name":"(anonymous_1)","decl":{"start":{"line":11,"column":34},"end":{"line":11,"column":35}},"loc":{"start":{"line":11,"column":47},"end":{"line":30,"column":1}}},"1":{"name":"(anonymous_2)","decl":{"start":{"line":20,"column":29},"end":{"line":20,"column":32}},"loc":{"start":{"line":20,"column":34},"end":{"line":22,"column":21}}}},"branchMap":{},"s":{"0":3,"1":3,"2":3,"3":3,"4":3,"5":3,"6":3,"7":3,"8":3,"9":1,"10":3},"f":{"0":3,"1":1},"b":{}}
,"C:\\Users\\TornadoGyumri\\Desktop\\class-components\\react-class-components\\src\\components\\List\\List.tsx": {"path":"C:\\Users\\TornadoGyumri\\Desktop\\class-components\\react-class-components\\src\\components\\List\\List.tsx","statementMap":{"0":{"start":{"line":1,"column":0},"end":{"line":1,"column":26}},"1":{"start":{"line":2,"column":0},"end":{"line":2,"column":32}},"2":{"start":{"line":3,"column":0},"end":{"line":3,"column":39}},"3":{"start":{"line":11,"column":34},"end":{"line":22,"column":1}},"4":{"start":{"line":12,"column":4},"end":{"line":12,"column":48}},"5":{"start":{"line":12,"column":17},"end":{"line":12,"column":48}},"6":{"start":{"line":13,"column":4},"end":{"line":13,"column":74}},"7":{"start":{"line":13,"column":36},"end":{"line":13,"column":74}},"8":{"start":{"line":15,"column":4},"end":{"line":21,"column":6}},"9":{"start":{"line":18,"column":16},"end":{"line":18,"column":48}},"10":{"start":{"line":24,"column":0},"end":{"line":24,"column":20}}},"fnMap":{"0":{"name":"(anonymous_1)","decl":{"start":{"line":11,"column":34},"end":{"line":11,"column":35}},"loc":{"start":{"line":11,"column":56},"end":{"line":22,"column":1}}},"1":{"name":"(anonymous_2)","decl":{"start":{"line":17,"column":22},"end":{"line":17,"column":23}},"loc":{"start":{"line":18,"column":16},"end":{"line":18,"column":48}}}},"branchMap":{"0":{"loc":{"start":{"line":12,"column":4},"end":{"line":12,"column":48}},"type":"if","locations":[{"start":{"line":12,"column":4},"end":{"line":12,"column":48}}]},"1":{"loc":{"start":{"line":13,"column":4},"end":{"line":13,"column":74}},"type":"if","locations":[{"start":{"line":13,"column":4},"end":{"line":13,"column":74}}]},"2":{"loc":{"start":{"line":13,"column":8},"end":{"line":13,"column":34}},"type":"binary-expr","locations":[{"start":{"line":13,"column":8},"end":{"line":13,"column":13}},{"start":{"line":13,"column":17},"end":{"line":13,"column":34}}]}},"s":{"0":2,"1":2,"2":2,"3":2,"4":10,"5":4,"6":6,"7":5,"8":1,"9":2,"10":2},"f":{"0":10,"1":2},"b":{"0":[4],"1":[5],"2":[6,6]}}
,"C:\\Users\\TornadoGyumri\\Desktop\\class-components\\react-class-components\\src\\components\\NotFound\\NotFound.tsx": {"path":"C:\\Users\\TornadoGyumri\\Desktop\\class-components\\react-class-components\\src\\components\\NotFound\\NotFound.tsx","statementMap":{"0":{"start":{"line":1,"column":0},"end":{"line":1,"column":26}},"1":{"start":{"line":3,"column":27},"end":{"line":7,"column":null}},"2":{"start":{"line":4,"column":4},"end":{"line":6,"column":null}},"3":{"start":{"line":10,"column":0},"end":{"line":10,"column":24}}},"fnMap":{"0":{"name":"(anonymous_1)","decl":{"start":{"line":3,"column":27},"end":{"line":3,"column":30}},"loc":{"start":{"line":4,"column":4},"end":{"line":6,"column":null}}}},"branchMap":{},"s":{"0":2,"1":2,"2":1,"3":2},"f":{"0":1},"b":{}}
,"C:\\Users\\TornadoGyumri\\Desktop\\class-components\\react-class-components\\src\\components\\Pagination\\Pagination.tsx": {"path":"C:\\Users\\TornadoGyumri\\Desktop\\class-components\\react-class-components\\src\\components\\Pagination\\Pagination.tsx","statementMap":{"0":{"start":{"line":1,"column":0},"end":{"line":1,"column":51}},"1":{"start":{"line":2,"column":0},"end":{"line":2,"column":36}},"2":{"start":{"line":3,"column":0},"end":{"line":3,"column":45}},"3":{"start":{"line":4,"column":0},"end":{"line":4,"column":40}},"4":{"start":{"line":5,"column":0},"end":{"line":5,"column":60}},"5":{"start":{"line":12,"column":46},"end":{"line":93,"column":1}},"6":{"start":{"line":13,"column":32},"end":{"line":13,"column":48}},"7":{"start":{"line":14,"column":25},"end":{"line":14,"column":42}},"8":{"start":{"line":16,"column":24},"end":{"line":18,"column":5}},"9":{"start":{"line":17,"column":8},"end":{"line":17,"column":57}},"10":{"start":{"line":20,"column":50},"end":{"line":20,"column":72}},"11":{"start":{"line":21,"column":36},"end":{"line":21,"column":70}},"12":{"start":{"line":22,"column":36},"end":{"line":22,"column":70}},"13":{"start":{"line":24,"column":4},"end":{"line":29,"column":34}},"14":{"start":{"line":25,"column":22},"end":{"line":25,"column":82}},"15":{"start":{"line":25,"column":72},"end":{"line":25,"column":81}},"16":{"start":{"line":26,"column":8},"end":{"line":26,"column":34}},"17":{"start":{"line":27,"column":8},"end":{"line":27,"column":79}},"18":{"start":{"line":28,"column":8},"end":{"line":28,"column":74}},"19":{"start":{"line":31,"column":32},"end":{"line":48,"column":10}},"20":{"start":{"line":32,"column":8},"end":{"line":48,"column":10}},"21":{"start":{"line":33,"column":12},"end":{"line":46,"column":null}},"22":{"start":{"line":42,"column":35},"end":{"line":42,"column":57}},"23":{"start":{"line":50,"column":4},"end":{"line":92,"column":6}},"24":{"start":{"line":56,"column":39},"end":{"line":56,"column":48}},"25":{"start":{"line":65,"column":39},"end":{"line":65,"column":55}},"26":{"start":{"line":75,"column":39},"end":{"line":75,"column":55}},"27":{"start":{"line":84,"column":39},"end":{"line":84,"column":56}},"28":{"start":{"line":95,"column":0},"end":{"line":95,"column":26}}},"fnMap":{"0":{"name":"(anonymous_7)","decl":{"start":{"line":12,"column":46},"end":{"line":12,"column":47}},"loc":{"start":{"line":12,"column":72},"end":{"line":93,"column":1}}},"1":{"name":"(anonymous_8)","decl":{"start":{"line":16,"column":24},"end":{"line":16,"column":25}},"loc":{"start":{"line":16,"column":47},"end":{"line":18,"column":5}}},"2":{"name":"(anonymous_9)","decl":{"start":{"line":24,"column":14},"end":{"line":24,"column":17}},"loc":{"start":{"line":24,"column":19},"end":{"line":29,"column":5}}},"3":{"name":"(anonymous_10)","decl":{"start":{"line":25,"column":58},"end":{"line":25,"column":59}},"loc":{"start":{"line":25,"column":72},"end":{"line":25,"column":81}}},"4":{"name":"(anonymous_11)","decl":{"start":{"line":31,"column":32},"end":{"line":31,"column":35}},"loc":{"start":{"line":32,"column":8},"end":{"line":48,"column":10}}},"5":{"name":"(anonymous_12)","decl":{"start":{"line":32,"column":28},"end":{"line":32,"column":29}},"loc":{"start":{"line":33,"column":12},"end":{"line":46,"column":null}}},"6":{"name":"(anonymous_13)","decl":{"start":{"line":42,"column":29},"end":{"line":42,"column":32}},"loc":{"start":{"line":42,"column":35},"end":{"line":42,"column":57}}},"7":{"name":"(anonymous_14)","decl":{"start":{"line":56,"column":33},"end":{"line":56,"column":36}},"loc":{"start":{"line":56,"column":39},"end":{"line":56,"column":48}}},"8":{"name":"(anonymous_15)","decl":{"start":{"line":65,"column":33},"end":{"line":65,"column":36}},"loc":{"start":{"line":65,"column":39},"end":{"line":65,"column":55}}},"9":{"name":"(anonymous_16)","decl":{"start":{"line":75,"column":33},"end":{"line":75,"column":36}},"loc":{"start":{"line":75,"column":39},"end":{"line":75,"column":55}}},"10":{"name":"(anonymous_17)","decl":{"start":{"line":84,"column":33},"end":{"line":84,"column":36}},"loc":{"start":{"line":84,"column":39},"end":{"line":84,"column":56}}}},"branchMap":{"0":{"loc":{"start":{"line":27,"column":20},"end":{"line":27,"column":77}},"type":"cond-expr","locations":[{"start":{"line":27,"column":49},"end":{"line":27,"column":58}},{"start":{"line":27,"column":61},"end":{"line":27,"column":77}}]},"1":{"loc":{"start":{"line":28,"column":20},"end":{"line":28,"column":72}},"type":"cond-expr","locations":[{"start":{"line":28,"column":41},"end":{"line":28,"column":53}},{"start":{"line":28,"column":56},"end":{"line":28,"column":72}}]},"2":{"loc":{"start":{"line":71,"column":17},"end":{"line":71,"column":85}},"type":"cond-expr","locations":[{"start":{"line":71,"column":42},"end":{"line":71,"column":63}},{"start":{"line":71,"column":66},"end":{"line":71,"column":85}}]}},"s":{"0":2,"1":2,"2":2,"3":2,"4":2,"5":2,"6":11,"7":11,"8":11,"9":59,"10":11,"11":11,"12":11,"13":11,"14":5,"15":10,"16":5,"17":5,"18":5,"19":11,"20":3,"21":15,"22":1,"23":11,"24":0,"25":0,"26":0,"27":0,"28":2},"f":{"0":11,"1":59,"2":5,"3":10,"4":3,"5":15,"6":1,"7":0,"8":0,"9":0,"10":0},"b":{"0":[0,5],"1":[4,1],"2":[3,8]}}
,"C:\\Users\\TornadoGyumri\\Desktop\\class-components\\react-class-components\\src\\components\\Search\\Search.tsx": {"path":"C:\\Users\\TornadoGyumri\\Desktop\\class-components\\react-class-components\\src\\components\\Search\\Search.tsx","statementMap":{"0":{"start":{"line":1,"column":0},"end":{"line":1,"column":40}},"1":{"start":{"line":2,"column":0},"end":{"line":2,"column":41}},"2":{"start":{"line":9,"column":38},"end":{"line":31,"column":1}},"3":{"start":{"line":10,"column":42},"end":{"line":10,"column":70}},"4":{"start":{"line":12,"column":25},"end":{"line":14,"column":5}},"5":{"start":{"line":13,"column":8},"end":{"line":13,"column":39}},"6":{"start":{"line":16,"column":25},"end":{"line":18,"column":5}},"7":{"start":{"line":17,"column":8},"end":{"line":17,"column":30}},"8":{"start":{"line":20,"column":4},"end":{"line":30,"column":6}},"9":{"start":{"line":33,"column":0},"end":{"line":33,"column":22}}},"fnMap":{"0":{"name":"(anonymous_7)","decl":{"start":{"line":9,"column":38},"end":{"line":9,"column":39}},"loc":{"start":{"line":9,"column":67},"end":{"line":31,"column":1}}},"1":{"name":"(anonymous_8)","decl":{"start":{"line":12,"column":25},"end":{"line":12,"column":26}},"loc":{"start":{"line":12,"column":68},"end":{"line":14,"column":5}}},"2":{"name":"(anonymous_9)","decl":{"start":{"line":16,"column":25},"end":{"line":16,"column":28}},"loc":{"start":{"line":16,"column":30},"end":{"line":18,"column":5}}}},"branchMap":{},"s":{"0":2,"1":2,"2":2,"3":9,"4":9,"5":1,"6":9,"7":1,"8":9,"9":2},"f":{"0":9,"1":1,"2":1},"b":{}}
,"C:\\Users\\TornadoGyumri\\Desktop\\class-components\\react-class-components\\src\\constants\\commonConstants.ts": {"path":"C:\\Users\\TornadoGyumri\\Desktop\\class-components\\react-class-components\\src\\constants\\commonConstants.ts","statementMap":{"0":{"start":{"line":3,"column":13},"end":{"line":3,"column":48}},"1":{"start":{"line":4,"column":13},"end":{"line":4,"column":39}},"2":{"start":{"line":5,"column":13},"end":{"line":11,"column":2}}},"fnMap":{},"branchMap":{},"s":{"0":5,"1":5,"2":5},"f":{},"b":{}}
,"C:\\Users\\TornadoGyumri\\Desktop\\class-components\\react-class-components\\src\\hooks\\useLocalStorage.ts": {"path":"C:\\Users\\TornadoGyumri\\Desktop\\class-components\\react-class-components\\src\\hooks\\useLocalStorage.ts","statementMap":{"0":{"start":{"line":1,"column":0},"end":{"line":1,"column":33}},"1":{"start":{"line":4,"column":42},"end":{"line":12,"column":6}},"2":{"start":{"line":5,"column":8},"end":{"line":11,"column":9}},"3":{"start":{"line":6,"column":25},"end":{"line":6,"column":57}},"4":{"start":{"line":7,"column":12},"end":{"line":7,"column":58}},"5":{"start":{"line":9,"column":12},"end":{"line":9,"column":33}},"6":{"start":{"line":10,"column":12},"end":{"line":10,"column":32}},"7":{"start":{"line":14,"column":21},"end":{"line":21,"column":5}},"8":{"start":{"line":15,"column":8},"end":{"line":20,"column":9}},"9":{"start":{"line":16,"column":12},"end":{"line":16,"column":34}},"10":{"start":{"line":17,"column":12},"end":{"line":17,"column":68}},"11":{"start":{"line":19,"column":12},"end":{"line":19,"column":33}},"12":{"start":{"line":23,"column":4},"end":{"line":23,"column":35}},"13":{"start":{"line":26,"column":0},"end":{"line":26,"column":31}}},"fnMap":{"0":{"name":"useLocalStorage","decl":{"start":{"line":3,"column":9},"end":{"line":3,"column":24}},"loc":{"start":{"line":3,"column":56},"end":{"line":24,"column":1}}},"1":{"name":"(anonymous_1)","decl":{"start":{"line":4,"column":54},"end":{"line":4,"column":57}},"loc":{"start":{"line":4,"column":59},"end":{"line":12,"column":5}}},"2":{"name":"(anonymous_2)","decl":{"start":{"line":14,"column":21},"end":{"line":14,"column":22}},"loc":{"start":{"line":14,"column":34},"end":{"line":21,"column":5}}}},"branchMap":{"0":{"loc":{"start":{"line":7,"column":19},"end":{"line":7,"column":57}},"type":"cond-expr","locations":[{"start":{"line":7,"column":26},"end":{"line":7,"column":42}},{"start":{"line":7,"column":45},"end":{"line":7,"column":57}}]}},"s":{"0":1,"1":7,"2":3,"3":3,"4":3,"5":0,"6":0,"7":7,"8":0,"9":0,"10":0,"11":0,"12":7,"13":1},"f":{"0":7,"1":3,"2":0},"b":{"0":[0,3]}}
,"C:\\Users\\TornadoGyumri\\Desktop\\class-components\\react-class-components\\src\\hooks\\useQueryParams.ts": {"path":"C:\\Users\\TornadoGyumri\\Desktop\\class-components\\react-class-components\\src\\hooks\\useQueryParams.ts","statementMap":{"0":{"start":{"line":1,"column":0},"end":{"line":1,"column":47}},"1":{"start":{"line":3,"column":30},"end":{"line":16,"column":1}},"2":{"start":{"line":4,"column":21},"end":{"line":4,"column":34}},"3":{"start":{"line":5,"column":25},"end":{"line":5,"column":61}},"4":{"start":{"line":7,"column":28},"end":{"line":7,"column":99}},"5":{"start":{"line":7,"column":35},"end":{"line":7,"column":98}},"6":{"start":{"line":9,"column":22},"end":{"line":10,"column":85}},"7":{"start":{"line":10,"column":8},"end":{"line":10,"column":85}},"8":{"start":{"line":12,"column":4},"end":{"line":15,"column":6}},"9":{"start":{"line":3,"column":13},"end":{"line":3,"column":30}}},"fnMap":{"0":{"name":"(anonymous_0)","decl":{"start":{"line":3,"column":30},"end":{"line":3,"column":33}},"loc":{"start":{"line":3,"column":35},"end":{"line":16,"column":1}}},"1":{"name":"(anonymous_1)","decl":{"start":{"line":7,"column":28},"end":{"line":7,"column":31}},"loc":{"start":{"line":7,"column":35},"end":{"line":7,"column":98}}},"2":{"name":"(anonymous_2)","decl":{"start":{"line":9,"column":22},"end":{"line":9,"column":25}},"loc":{"start":{"line":10,"column":8},"end":{"line":10,"column":85}}}},"branchMap":{"0":{"loc":{"start":{"line":7,"column":35},"end":{"line":7,"column":98}},"type":"cond-expr","locations":[{"start":{"line":7,"column":62},"end":{"line":7,"column":94}},{"start":{"line":7,"column":97},"end":{"line":7,"column":98}}]},"1":{"loc":{"start":{"line":10,"column":8},"end":{"line":10,"column":85}},"type":"cond-expr","locations":[{"start":{"line":10,"column":38},"end":{"line":10,"column":73}},{"start":{"line":10,"column":76},"end":{"line":10,"column":85}}]}},"s":{"0":4,"1":4,"2":35,"3":35,"4":35,"5":21,"6":35,"7":14,"8":35,"9":4},"f":{"0":35,"1":21,"2":14},"b":{"0":[2,19],"1":[0,14]}}
,"C:\\Users\\TornadoGyumri\\Desktop\\class-components\\react-class-components\\src\\routes\\Routes.tsx": {"path":"C:\\Users\\TornadoGyumri\\Desktop\\class-components\\react-class-components\\src\\routes\\Routes.tsx","statementMap":{"0":{"start":{"line":1,"column":0},"end":{"line":1,"column":26}},"1":{"start":{"line":2,"column":0},"end":{"line":2,"column":70}},"2":{"start":{"line":3,"column":0},"end":{"line":3,"column":70}},"3":{"start":{"line":4,"column":0},"end":{"line":4,"column":43}},"4":{"start":{"line":5,"column":0},"end":{"line":5,"column":61}},"5":{"start":{"line":6,"column":0},"end":{"line":6,"column":49}},"6":{"start":{"line":7,"column":0},"end":{"line":7,"column":55}},"7":{"start":{"line":8,"column":0},"end":{"line":8,"column":54}},"8":{"start":{"line":10,"column":0},"end":{"line":10,"column":67}},"9":{"start":{"line":11,"column":0},"end":{"line":11,"column":51}},"10":{"start":{"line":12,"column":0},"end":{"line":12,"column":56}},"11":{"start":{"line":23,"column":47},"end":{"line":72,"column":1}},"12":{"start":{"line":32,"column":43},"end":{"line":32,"column":59}},"13":{"start":{"line":33,"column":19},"end":{"line":33,"column":30}},"14":{"start":{"line":34,"column":27},"end":{"line":34,"column":57}},"15":{"start":{"line":35,"column":21},"end":{"line":35,"column":34}},"16":{"start":{"line":37,"column":4},"end":{"line":71,"column":6}},"17":{"start":{"line":45,"column":28},"end":{"line":45,"column":48}},"18":{"start":{"line":45,"column":41},"end":{"line":45,"column":48}},"19":{"start":{"line":46,"column":28},"end":{"line":46,"column":87}},"20":{"start":{"line":74,"column":0},"end":{"line":74,"column":31}}},"fnMap":{"0":{"name":"(anonymous_1)","decl":{"start":{"line":23,"column":47},"end":{"line":23,"column":48}},"loc":{"start":{"line":31,"column":5},"end":{"line":72,"column":1}}},"1":{"name":"(anonymous_2)","decl":{"start":{"line":44,"column":33},"end":{"line":44,"column":36}},"loc":{"start":{"line":44,"column":38},"end":{"line":47,"column":25}}}},"branchMap":{"0":{"loc":{"start":{"line":34,"column":27},"end":{"line":34,"column":57}},"type":"cond-expr","locations":[{"start":{"line":34,"column":36},"end":{"line":34,"column":52}},{"start":{"line":34,"column":55},"end":{"line":34,"column":57}}]},"1":{"loc":{"start":{"line":45,"column":28},"end":{"line":45,"column":48}},"type":"if","locations":[{"start":{"line":45,"column":28},"end":{"line":45,"column":48}}]}},"s":{"0":1,"1":1,"2":1,"3":1,"4":1,"5":1,"6":1,"7":1,"8":1,"9":1,"10":1,"11":1,"12":7,"13":7,"14":7,"15":7,"16":7,"17":0,"18":0,"19":0,"20":1},"f":{"0":7,"1":0},"b":{"0":[0,7],"1":[0]}}
}
