{"C:\\Users\\TornadoGyumri\\Desktop\\class-components\\react-class-components\\src\\testUtils.tsx": {"path":"C:\\Users\\TornadoGyumri\\Desktop\\class-components\\react-class-components\\src\\testUtils.tsx","statementMap":{"0":{"start":{"line":8,"column":13},"end":{"line":8,"column":35}},"1":{"start":{"line":1,"column":36},"end":{"line":1,"column":null}},"2":{"start":{"line":2,"column":23},"end":{"line":2,"column":null}},"3":{"start":{"line":3,"column":25},"end":{"line":3,"column":null}},"4":{"start":{"line":4,"column":18},"end":{"line":4,"column":null}},"5":{"start":{"line":6,"column":30},"end":{"line":6,"column":null}},"6":{"start":{"line":8,"column":35},"end":{"line":14,"column":null}}},"fnMap":{"0":{"name":"(anonymous_2)","decl":{"start":{"line":8,"column":35},"end":{"line":8,"column":36}},"loc":{"start":{"line":8,"column":36},"end":{"line":14,"column":null}}}},"branchMap":{},"s":{"0":8,"1":2,"2":2,"3":2,"4":2,"5":2,"6":2},"f":{"0":8},"b":{}}
,"C:\\Users\\TornadoGyumri\\Desktop\\class-components\\react-class-components\\src\\app\\not-found\\page.tsx": {"path":"C:\\Users\\TornadoGyumri\\Desktop\\class-components\\react-class-components\\src\\app\\not-found\\page.tsx","statementMap":{"0":{"start":{"line":10,"column":0},"end":{"line":10,"column":15}},"1":{"start":{"line":1,"column":18},"end":{"line":1,"column":null}},"2":{"start":{"line":10,"column":15},"end":{"line":10,"column":null}}},"fnMap":{},"branchMap":{},"s":{"0":1,"1":1,"2":1},"f":{},"b":{}}
,"C:\\Users\\TornadoGyumri\\Desktop\\class-components\\react-class-components\\src\\components\\Details\\Details.tsx": {"path":"C:\\Users\\TornadoGyumri\\Desktop\\class-components\\react-class-components\\src\\components\\Details\\Details.tsx","statementMap":{"0":{"start":{"line":35,"column":0},"end":{"line":35,"column":15}},"1":{"start":{"line":1,"column":40},"end":{"line":1,"column":null}},"2":{"start":{"line":2,"column":19},"end":{"line":2,"column":null}},"3":{"start":{"line":3,"column":17},"end":{"line":3,"column":null}},"4":{"start":{"line":10,"column":34},"end":{"line":33,"column":null}},"5":{"start":{"line":16,"column":16},"end":{"line":16,"column":null}},"6":{"start":{"line":25,"column":20},"end":{"line":25,"column":null}},"7":{"start":{"line":35,"column":15},"end":{"line":35,"column":null}}},"fnMap":{"0":{"name":"(anonymous_2)","decl":{"start":{"line":10,"column":34},"end":{"line":10,"column":35}},"loc":{"start":{"line":10,"column":73},"end":{"line":33,"column":null}}},"1":{"name":"(anonymous_3)","decl":{"start":{"line":15,"column":21},"end":{"line":15,"column":22}},"loc":{"start":{"line":15,"column":22},"end":{"line":17,"column":null}}},"2":{"name":"(anonymous_4)","decl":{"start":{"line":24,"column":45},"end":{"line":24,"column":46}},"loc":{"start":{"line":25,"column":20},"end":{"line":25,"column":null}}}},"branchMap":{},"s":{"0":2,"1":2,"2":2,"3":2,"4":2,"5":0,"6":2,"7":2},"f":{"0":1,"1":0,"2":2},"b":{}}
,"C:\\Users\\TornadoGyumri\\Desktop\\class-components\\react-class-components\\src\\components\\Details\\index.ts": {"path":"C:\\Users\\TornadoGyumri\\Desktop\\class-components\\react-class-components\\src\\components\\Details\\index.ts","statementMap":{"0":{"start":{"line":2,"column":0},"end":{"line":2,"column":15}},"1":{"start":{"line":1,"column":20},"end":{"line":1,"column":null}},"2":{"start":{"line":2,"column":15},"end":{"line":2,"column":22}}},"fnMap":{},"branchMap":{},"s":{"0":0,"1":1,"2":1},"f":{},"b":{}}
,"C:\\Users\\TornadoGyumri\\Desktop\\class-components\\react-class-components\\src\\components\\ErrorBoundary\\ErrorBoundary.tsx": {"path":"C:\\Users\\TornadoGyumri\\Desktop\\class-components\\react-class-components\\src\\components\\ErrorBoundary\\ErrorBoundary.tsx","statementMap":{"0":{"start":{"line":12,"column":21},"end":{"line":12,"column":43}},"1":{"start":{"line":1,"column":55},"end":{"line":1,"column":null}},"2":{"start":{"line":2,"column":19},"end":{"line":2,"column":null}},"3":{"start":{"line":13,"column":32},"end":{"line":15,"column":6}},"4":{"start":{"line":18,"column":8},"end":{"line":18,"column":null}},"5":{"start":{"line":22,"column":8},"end":{"line":22,"column":null}},"6":{"start":{"line":25,"column":23},"end":{"line":30,"column":6}},"7":{"start":{"line":26,"column":8},"end":{"line":28,"column":null}},"8":{"start":{"line":29,"column":8},"end":{"line":29,"column":null}},"9":{"start":{"line":33,"column":8},"end":{"line":40,"column":null}},"10":{"start":{"line":37,"column":43},"end":{"line":37,"column":69}}},"fnMap":{"0":{"name":"(anonymous_5)","decl":{"start":{"line":17,"column":4},"end":{"line":17,"column":11}},"loc":{"start":{"line":17,"column":38},"end":{"line":19,"column":null}}},"1":{"name":"(anonymous_6)","decl":{"start":{"line":21,"column":4},"end":{"line":21,"column":22}},"loc":{"start":{"line":21,"column":58},"end":{"line":23,"column":null}}},"2":{"name":"(anonymous_7)","decl":{"start":{"line":25,"column":23},"end":{"line":25,"column":null}},"loc":{"start":{"line":25,"column":23},"end":{"line":30,"column":6}}},"3":{"name":"(anonymous_8)","decl":{"start":{"line":32,"column":4},"end":{"line":32,"column":13}},"loc":{"start":{"line":32,"column":13},"end":{"line":50,"column":null}}},"4":{"name":"(anonymous_9)","decl":{"start":{"line":37,"column":37},"end":{"line":37,"column":43}},"loc":{"start":{"line":37,"column":43},"end":{"line":37,"column":69}}}},"branchMap":{"0":{"loc":{"start":{"line":33,"column":8},"end":{"line":40,"column":null}},"type":"if","locations":[{"start":{"line":33,"column":8},"end":{"line":40,"column":null}}]}},"s":{"0":1,"1":1,"2":1,"3":2,"4":0,"5":0,"6":2,"7":0,"8":0,"9":2,"10":0},"f":{"0":0,"1":0,"2":0,"3":2,"4":0},"b":{"0":[0]}}
,"C:\\Users\\TornadoGyumri\\Desktop\\class-components\\react-class-components\\src\\components\\ErrorBoundary\\index.ts": {"path":"C:\\Users\\TornadoGyumri\\Desktop\\class-components\\react-class-components\\src\\components\\ErrorBoundary\\index.ts","statementMap":{"0":{"start":{"line":2,"column":0},"end":{"line":2,"column":15}},"1":{"start":{"line":1,"column":26},"end":{"line":1,"column":null}},"2":{"start":{"line":2,"column":15},"end":{"line":2,"column":28}}},"fnMap":{},"branchMap":{},"s":{"0":2,"1":1,"2":1},"f":{},"b":{}}
,"C:\\Users\\TornadoGyumri\\Desktop\\class-components\\react-class-components\\src\\components\\Item\\Item.tsx": {"path":"C:\\Users\\TornadoGyumri\\Desktop\\class-components\\react-class-components\\src\\components\\Item\\Item.tsx","statementMap":{"0":{"start":{"line":52,"column":0},"end":{"line":52,"column":15}},"1":{"start":{"line":1,"column":18},"end":{"line":1,"column":null}},"2":{"start":{"line":2,"column":28},"end":{"line":2,"column":null}},"3":{"start":{"line":3,"column":19},"end":{"line":3,"column":null}},"4":{"start":{"line":5,"column":31},"end":{"line":5,"column":null}},"5":{"start":{"line":6,"column":41},"end":{"line":6,"column":null}},"6":{"start":{"line":8,"column":41},"end":{"line":8,"column":null}},"7":{"start":{"line":9,"column":17},"end":{"line":9,"column":null}},"8":{"start":{"line":15,"column":34},"end":{"line":50,"column":null}},"9":{"start":{"line":16,"column":19},"end":{"line":16,"column":63}},"10":{"start":{"line":17,"column":32},"end":{"line":17,"column":null}},"11":{"start":{"line":18,"column":21},"end":{"line":18,"column":null}},"12":{"start":{"line":19,"column":26},"end":{"line":19,"column":null}},"13":{"start":{"line":19,"column":60},"end":{"line":19,"column":85}},"14":{"start":{"line":20,"column":23},"end":{"line":20,"column":null}},"15":{"start":{"line":20,"column":60},"end":{"line":20,"column":89}},"16":{"start":{"line":22,"column":25},"end":{"line":28,"column":null}},"17":{"start":{"line":23,"column":8},"end":{"line":27,"column":null}},"18":{"start":{"line":24,"column":12},"end":{"line":24,"column":null}},"19":{"start":{"line":26,"column":12},"end":{"line":26,"column":null}},"20":{"start":{"line":30,"column":21},"end":{"line":30,"column":null}},"21":{"start":{"line":52,"column":15},"end":{"line":52,"column":null}}},"fnMap":{"0":{"name":"(anonymous_2)","decl":{"start":{"line":15,"column":34},"end":{"line":15,"column":35}},"loc":{"start":{"line":15,"column":43},"end":{"line":50,"column":null}}},"1":{"name":"(anonymous_3)","decl":{"start":{"line":19,"column":38},"end":{"line":19,"column":39}},"loc":{"start":{"line":19,"column":60},"end":{"line":19,"column":85}}},"2":{"name":"(anonymous_4)","decl":{"start":{"line":20,"column":42},"end":{"line":20,"column":43}},"loc":{"start":{"line":20,"column":60},"end":{"line":20,"column":89}}},"3":{"name":"(anonymous_5)","decl":{"start":{"line":22,"column":25},"end":{"line":22,"column":null}},"loc":{"start":{"line":22,"column":25},"end":{"line":28,"column":null}}}},"branchMap":{"0":{"loc":{"start":{"line":23,"column":8},"end":{"line":27,"column":null}},"type":"if","locations":[{"start":{"line":23,"column":8},"end":{"line":27,"column":null}},{"start":{"line":25,"column":15},"end":{"line":27,"column":null}}]}},"s":{"0":27,"1":3,"2":3,"3":3,"4":3,"5":3,"6":3,"7":3,"8":3,"9":27,"10":27,"11":27,"12":27,"13":9,"14":27,"15":2,"16":27,"17":2,"18":1,"19":1,"20":27,"21":3},"f":{"0":27,"1":9,"2":2,"3":2},"b":{"0":[1,1]}}
,"C:\\Users\\TornadoGyumri\\Desktop\\class-components\\react-class-components\\src\\components\\ItemsCategoryTabs\\ItemsCategoryTabs.tsx": {"path":"C:\\Users\\TornadoGyumri\\Desktop\\class-components\\react-class-components\\src\\components\\ItemsCategoryTabs\\ItemsCategoryTabs.tsx","statementMap":{"0":{"start":{"line":29,"column":0},"end":{"line":29,"column":15}},"1":{"start":{"line":1,"column":18},"end":{"line":1,"column":null}},"2":{"start":{"line":2,"column":23},"end":{"line":2,"column":null}},"3":{"start":{"line":3,"column":17},"end":{"line":3,"column":null}},"4":{"start":{"line":4,"column":19},"end":{"line":4,"column":null}},"5":{"start":{"line":5,"column":21},"end":{"line":5,"column":null}},"6":{"start":{"line":6,"column":28},"end":{"line":6,"column":null}},"7":{"start":{"line":8,"column":36},"end":{"line":27,"column":null}},"8":{"start":{"line":9,"column":21},"end":{"line":9,"column":null}},"9":{"start":{"line":11,"column":24},"end":{"line":18,"column":null}},"10":{"start":{"line":12,"column":8},"end":{"line":18,"column":null}},"11":{"start":{"line":13,"column":12},"end":{"line":18,"column":null}},"12":{"start":{"line":29,"column":15},"end":{"line":29,"column":null}}},"fnMap":{"0":{"name":"(anonymous_2)","decl":{"start":{"line":8,"column":36},"end":{"line":8,"column":null}},"loc":{"start":{"line":8,"column":36},"end":{"line":27,"column":null}}},"1":{"name":"(anonymous_3)","decl":{"start":{"line":11,"column":24},"end":{"line":11,"column":null}},"loc":{"start":{"line":12,"column":8},"end":{"line":18,"column":null}}},"2":{"name":"(anonymous_4)","decl":{"start":{"line":12,"column":17},"end":{"line":12,"column":18}},"loc":{"start":{"line":13,"column":12},"end":{"line":18,"column":null}}}},"branchMap":{},"s":{"0":2,"1":2,"2":2,"3":2,"4":2,"5":2,"6":2,"7":2,"8":3,"9":3,"10":3,"11":15,"12":2},"f":{"0":3,"1":3,"2":15},"b":{}}
,"C:\\Users\\TornadoGyumri\\Desktop\\class-components\\react-class-components\\src\\components\\ItemsCategoryTabs\\index.ts": {"path":"C:\\Users\\TornadoGyumri\\Desktop\\class-components\\react-class-components\\src\\components\\ItemsCategoryTabs\\index.ts","statementMap":{"0":{"start":{"line":2,"column":0},"end":{"line":2,"column":15}},"1":{"start":{"line":1,"column":30},"end":{"line":1,"column":null}},"2":{"start":{"line":2,"column":15},"end":{"line":2,"column":32}}},"fnMap":{},"branchMap":{},"s":{"0":2,"1":1,"2":1},"f":{},"b":{}}
,"C:\\Users\\TornadoGyumri\\Desktop\\class-components\\react-class-components\\src\\components\\List\\List.tsx": {"path":"C:\\Users\\TornadoGyumri\\Desktop\\class-components\\react-class-components\\src\\components\\List\\List.tsx","statementMap":{"0":{"start":{"line":24,"column":0},"end":{"line":24,"column":15}},"1":{"start":{"line":1,"column":18},"end":{"line":1,"column":null}},"2":{"start":{"line":2,"column":17},"end":{"line":2,"column":null}},"3":{"start":{"line":3,"column":19},"end":{"line":3,"column":null}},"4":{"start":{"line":11,"column":34},"end":{"line":22,"column":null}},"5":{"start":{"line":18,"column":16},"end":{"line":18,"column":34}},"6":{"start":{"line":24,"column":15},"end":{"line":24,"column":null}}},"fnMap":{"0":{"name":"(anonymous_2)","decl":{"start":{"line":11,"column":34},"end":{"line":11,"column":35}},"loc":{"start":{"line":11,"column":52},"end":{"line":22,"column":null}}},"1":{"name":"(anonymous_3)","decl":{"start":{"line":17,"column":22},"end":{"line":17,"column":23}},"loc":{"start":{"line":18,"column":16},"end":{"line":18,"column":34}}}},"branchMap":{"0":{"loc":{"start":{"line":13,"column":8},"end":{"line":13,"column":36}},"type":"binary-expr","locations":[{"start":{"line":13,"column":8},"end":{"line":13,"column":17}},{"start":{"line":13,"column":17},"end":{"line":13,"column":36}}]}},"s":{"0":4,"1":2,"2":2,"3":2,"4":2,"5":22,"6":2},"f":{"0":5,"1":22},"b":{"0":[4,4]}}
,"C:\\Users\\TornadoGyumri\\Desktop\\class-components\\react-class-components\\src\\components\\List\\ListWrapper.tsx": {"path":"C:\\Users\\TornadoGyumri\\Desktop\\class-components\\react-class-components\\src\\components\\List\\ListWrapper.tsx","statementMap":{"0":{"start":{"line":90,"column":0},"end":{"line":90,"column":15}},"1":{"start":{"line":1,"column":18},"end":{"line":1,"column":null}},"2":{"start":{"line":2,"column":56},"end":{"line":2,"column":null}},"3":{"start":{"line":3,"column":28},"end":{"line":3,"column":null}},"4":{"start":{"line":4,"column":31},"end":{"line":4,"column":null}},"5":{"start":{"line":6,"column":25},"end":{"line":6,"column":null}},"6":{"start":{"line":7,"column":32},"end":{"line":7,"column":null}},"7":{"start":{"line":8,"column":37},"end":{"line":8,"column":null}},"8":{"start":{"line":9,"column":30},"end":{"line":9,"column":null}},"9":{"start":{"line":10,"column":19},"end":{"line":10,"column":null}},"10":{"start":{"line":11,"column":17},"end":{"line":11,"column":null}},"11":{"start":{"line":12,"column":23},"end":{"line":12,"column":null}},"12":{"start":{"line":13,"column":20},"end":{"line":13,"column":null}},"13":{"start":{"line":14,"column":19},"end":{"line":14,"column":null}},"14":{"start":{"line":16,"column":95},"end":{"line":88,"column":null}},"15":{"start":{"line":20,"column":40},"end":{"line":20,"column":null}},"16":{"start":{"line":21,"column":32},"end":{"line":21,"column":null}},"17":{"start":{"line":23,"column":25},"end":{"line":23,"column":null}},"18":{"start":{"line":24,"column":21},"end":{"line":24,"column":null}},"19":{"start":{"line":26,"column":32},"end":{"line":26,"column":null}},"20":{"start":{"line":27,"column":25},"end":{"line":27,"column":null}},"21":{"start":{"line":29,"column":25},"end":{"line":36,"column":null}},"22":{"start":{"line":30,"column":8},"end":{"line":30,"column":null}},"23":{"start":{"line":32,"column":32},"end":{"line":32,"column":null}},"24":{"start":{"line":33,"column":8},"end":{"line":33,"column":null}},"25":{"start":{"line":35,"column":8},"end":{"line":35,"column":null}},"26":{"start":{"line":38,"column":30},"end":{"line":40,"column":null}},"27":{"start":{"line":39,"column":8},"end":{"line":39,"column":null}},"28":{"start":{"line":42,"column":19},"end":{"line":42,"column":null}},"29":{"start":{"line":43,"column":27},"end":{"line":43,"column":null}},"30":{"start":{"line":48,"column":39},"end":{"line":48,"column":67}},"31":{"start":{"line":49,"column":39},"end":{"line":49,"column":66}},"32":{"start":{"line":56,"column":28},"end":{"line":56,"column":null}},"33":{"start":{"line":56,"column":46},"end":{"line":56,"column":null}},"34":{"start":{"line":57,"column":52},"end":{"line":57,"column":null}},"35":{"start":{"line":58,"column":28},"end":{"line":58,"column":null}},"36":{"start":{"line":59,"column":28},"end":{"line":59,"column":null}},"37":{"start":{"line":90,"column":15},"end":{"line":90,"column":null}}},"fnMap":{"0":{"name":"(anonymous_2)","decl":{"start":{"line":16,"column":95},"end":{"line":16,"column":96}},"loc":{"start":{"line":19,"column":1},"end":{"line":88,"column":null}}},"1":{"name":"(anonymous_3)","decl":{"start":{"line":29,"column":25},"end":{"line":29,"column":32}},"loc":{"start":{"line":29,"column":32},"end":{"line":36,"column":null}}},"2":{"name":"(anonymous_4)","decl":{"start":{"line":38,"column":30},"end":{"line":38,"column":31}},"loc":{"start":{"line":38,"column":31},"end":{"line":40,"column":null}}},"3":{"name":"(anonymous_5)","decl":{"start":{"line":48,"column":33},"end":{"line":48,"column":39}},"loc":{"start":{"line":48,"column":39},"end":{"line":48,"column":67}}},"4":{"name":"(anonymous_6)","decl":{"start":{"line":49,"column":33},"end":{"line":49,"column":39}},"loc":{"start":{"line":49,"column":39},"end":{"line":49,"column":66}}},"5":{"name":"(anonymous_7)","decl":{"start":{"line":55,"column":33},"end":{"line":55,"column":null}},"loc":{"start":{"line":55,"column":33},"end":{"line":60,"column":null}}}},"branchMap":{"0":{"loc":{"start":{"line":43,"column":27},"end":{"line":43,"column":null}},"type":"cond-expr","locations":[{"start":{"line":43,"column":41},"end":{"line":43,"column":60}},{"start":{"line":43,"column":60},"end":{"line":43,"column":null}}]},"1":{"loc":{"start":{"line":46,"column":42},"end":{"line":46,"column":87}},"type":"cond-expr","locations":[{"start":{"line":46,"column":61},"end":{"line":46,"column":72}},{"start":{"line":46,"column":75},"end":{"line":46,"column":87}}]},"2":{"loc":{"start":{"line":56,"column":28},"end":{"line":56,"column":null}},"type":"if","locations":[{"start":{"line":56,"column":28},"end":{"line":56,"column":null}}]},"3":{"loc":{"start":{"line":67,"column":42},"end":{"line":67,"column":82}},"type":"cond-expr","locations":[{"start":{"line":67,"column":57},"end":{"line":67,"column":77}},{"start":{"line":67,"column":80},"end":{"line":67,"column":82}}]},"4":{"loc":{"start":{"line":72,"column":40},"end":{"line":74,"column":null}},"type":"cond-expr","locations":[{"start":{"line":73,"column":46},"end":{"line":73,"column":null}},{"start":{"line":74,"column":46},"end":{"line":74,"column":null}}]},"5":{"loc":{"start":{"line":79,"column":25},"end":{"line":79,"column":null}},"type":"binary-expr","locations":[{"start":{"line":79,"column":25},"end":{"line":79,"column":null}}]}},"s":{"0":2,"1":1,"2":1,"3":1,"4":1,"5":1,"6":1,"7":1,"8":1,"9":1,"10":1,"11":1,"12":1,"13":1,"14":1,"15":2,"16":2,"17":2,"18":2,"19":2,"20":2,"21":2,"22":0,"23":0,"24":0,"25":0,"26":2,"27":0,"28":2,"29":2,"30":0,"31":0,"32":0,"33":0,"34":0,"35":0,"36":0,"37":1},"f":{"0":2,"1":0,"2":0,"3":0,"4":0,"5":0},"b":{"0":[0,2],"1":[0,2],"2":[0],"3":[2,0],"4":[2,0],"5":[2]}}
,"C:\\Users\\TornadoGyumri\\Desktop\\class-components\\react-class-components\\src\\components\\List\\index.ts": {"path":"C:\\Users\\TornadoGyumri\\Desktop\\class-components\\react-class-components\\src\\components\\List\\index.ts","statementMap":{"0":{"start":{"line":2,"column":0},"end":{"line":2,"column":15}},"1":{"start":{"line":1,"column":17},"end":{"line":1,"column":null}},"2":{"start":{"line":2,"column":15},"end":{"line":2,"column":19}}},"fnMap":{},"branchMap":{},"s":{"0":2,"1":1,"2":1},"f":{},"b":{}}
,"C:\\Users\\TornadoGyumri\\Desktop\\class-components\\react-class-components\\src\\components\\MainPageWrapper\\MainPageWrapper.tsx": {"path":"C:\\Users\\TornadoGyumri\\Desktop\\class-components\\react-class-components\\src\\components\\MainPageWrapper\\MainPageWrapper.tsx","statementMap":{"0":{"start":{"line":25,"column":0},"end":{"line":25,"column":15}},"1":{"start":{"line":3,"column":18},"end":{"line":3,"column":null}},"2":{"start":{"line":4,"column":25},"end":{"line":4,"column":null}},"3":{"start":{"line":5,"column":18},"end":{"line":5,"column":null}},"4":{"start":{"line":6,"column":30},"end":{"line":6,"column":null}},"5":{"start":{"line":7,"column":26},"end":{"line":7,"column":null}},"6":{"start":{"line":8,"column":24},"end":{"line":8,"column":null}},"7":{"start":{"line":11,"column":99},"end":{"line":23,"column":null}},"8":{"start":{"line":25,"column":15},"end":{"line":25,"column":null}}},"fnMap":{"0":{"name":"(anonymous_2)","decl":{"start":{"line":11,"column":99},"end":{"line":11,"column":null}},"loc":{"start":{"line":12,"column":4},"end":{"line":23,"column":null}}}},"branchMap":{},"s":{"0":1,"1":1,"2":1,"3":1,"4":1,"5":1,"6":1,"7":1,"8":1},"f":{"0":2},"b":{}}
,"C:\\Users\\TornadoGyumri\\Desktop\\class-components\\react-class-components\\src\\components\\MainPageWrapper\\index.ts": {"path":"C:\\Users\\TornadoGyumri\\Desktop\\class-components\\react-class-components\\src\\components\\MainPageWrapper\\index.ts","statementMap":{"0":{"start":{"line":2,"column":0},"end":{"line":2,"column":15}},"1":{"start":{"line":1,"column":28},"end":{"line":1,"column":null}},"2":{"start":{"line":2,"column":15},"end":{"line":2,"column":30}}},"fnMap":{},"branchMap":{},"s":{"0":2,"1":1,"2":1},"f":{},"b":{}}
,"C:\\Users\\TornadoGyumri\\Desktop\\class-components\\react-class-components\\src\\components\\Pagination\\Pagination.tsx": {"path":"C:\\Users\\TornadoGyumri\\Desktop\\class-components\\react-class-components\\src\\components\\Pagination\\Pagination.tsx","statementMap":{"0":{"start":{"line":154,"column":0},"end":{"line":154,"column":15}},"1":{"start":{"line":1,"column":43},"end":{"line":1,"column":null}},"2":{"start":{"line":2,"column":28},"end":{"line":2,"column":null}},"3":{"start":{"line":3,"column":23},"end":{"line":3,"column":null}},"4":{"start":{"line":4,"column":19},"end":{"line":4,"column":null}},"5":{"start":{"line":5,"column":31},"end":{"line":5,"column":null}},"6":{"start":{"line":6,"column":17},"end":{"line":6,"column":null}},"7":{"start":{"line":12,"column":46},"end":{"line":152,"column":null}},"8":{"start":{"line":13,"column":32},"end":{"line":13,"column":null}},"9":{"start":{"line":14,"column":25},"end":{"line":14,"column":null}},"10":{"start":{"line":16,"column":21},"end":{"line":16,"column":null}},"11":{"start":{"line":19,"column":24},"end":{"line":21,"column":null}},"12":{"start":{"line":20,"column":8},"end":{"line":20,"column":null}},"13":{"start":{"line":23,"column":50},"end":{"line":23,"column":null}},"14":{"start":{"line":24,"column":36},"end":{"line":24,"column":null}},"15":{"start":{"line":25,"column":36},"end":{"line":25,"column":null}},"16":{"start":{"line":27,"column":4},"end":{"line":32,"column":null}},"17":{"start":{"line":28,"column":22},"end":{"line":28,"column":null}},"18":{"start":{"line":28,"column":72},"end":{"line":28,"column":null}},"19":{"start":{"line":29,"column":8},"end":{"line":29,"column":null}},"20":{"start":{"line":30,"column":8},"end":{"line":30,"column":null}},"21":{"start":{"line":31,"column":8},"end":{"line":31,"column":null}},"22":{"start":{"line":34,"column":32},"end":{"line":42,"column":null}},"23":{"start":{"line":35,"column":8},"end":{"line":42,"column":null}},"24":{"start":{"line":36,"column":12},"end":{"line":42,"column":null}},"25":{"start":{"line":154,"column":15},"end":{"line":154,"column":null}}},"fnMap":{"0":{"name":"(anonymous_5)","decl":{"start":{"line":12,"column":46},"end":{"line":12,"column":47}},"loc":{"start":{"line":12,"column":60},"end":{"line":152,"column":null}}},"1":{"name":"(anonymous_6)","decl":{"start":{"line":19,"column":24},"end":{"line":19,"column":25}},"loc":{"start":{"line":19,"column":25},"end":{"line":21,"column":null}}},"2":{"name":"(anonymous_7)","decl":{"start":{"line":27,"column":14},"end":{"line":27,"column":null}},"loc":{"start":{"line":27,"column":14},"end":{"line":32,"column":7}}},"3":{"name":"(anonymous_8)","decl":{"start":{"line":28,"column":58},"end":{"line":28,"column":59}},"loc":{"start":{"line":28,"column":72},"end":{"line":28,"column":null}}},"4":{"name":"(anonymous_9)","decl":{"start":{"line":34,"column":32},"end":{"line":34,"column":null}},"loc":{"start":{"line":35,"column":8},"end":{"line":42,"column":null}}},"5":{"name":"(anonymous_10)","decl":{"start":{"line":35,"column":28},"end":{"line":35,"column":29}},"loc":{"start":{"line":36,"column":12},"end":{"line":42,"column":null}}}},"branchMap":{"0":{"loc":{"start":{"line":30,"column":20},"end":{"line":30,"column":null}},"type":"cond-expr","locations":[{"start":{"line":30,"column":49},"end":{"line":30,"column":61}},{"start":{"line":30,"column":61},"end":{"line":30,"column":null}}]},"1":{"loc":{"start":{"line":31,"column":20},"end":{"line":31,"column":null}},"type":"cond-expr","locations":[{"start":{"line":31,"column":41},"end":{"line":31,"column":45}},{"start":{"line":31,"column":45},"end":{"line":31,"column":null}}]},"2":{"loc":{"start":{"line":108,"column":17},"end":{"line":108,"column":null}},"type":"cond-expr","locations":[{"start":{"line":108,"column":42},"end":{"line":108,"column":66}},{"start":{"line":108,"column":66},"end":{"line":108,"column":null}}]}},"s":{"0":2,"1":2,"2":2,"3":2,"4":2,"5":2,"6":2,"7":2,"8":6,"9":6,"10":6,"11":6,"12":31,"13":6,"14":6,"15":6,"16":6,"17":3,"18":7,"19":3,"20":3,"21":3,"22":6,"23":3,"24":7,"25":2},"f":{"0":6,"1":31,"2":3,"3":7,"4":3,"5":7},"b":{"0":[2,1],"1":[2,1],"2":[3,3]}}
,"C:\\Users\\TornadoGyumri\\Desktop\\class-components\\react-class-components\\src\\components\\Pagination\\index.ts": {"path":"C:\\Users\\TornadoGyumri\\Desktop\\class-components\\react-class-components\\src\\components\\Pagination\\index.ts","statementMap":{"0":{"start":{"line":2,"column":0},"end":{"line":2,"column":15}},"1":{"start":{"line":1,"column":19},"end":{"line":1,"column":null}},"2":{"start":{"line":2,"column":15},"end":{"line":2,"column":21}}},"fnMap":{},"branchMap":{},"s":{"0":2,"1":1,"2":1},"f":{},"b":{}}
,"C:\\Users\\TornadoGyumri\\Desktop\\class-components\\react-class-components\\src\\components\\Search\\Search.tsx": {"path":"C:\\Users\\TornadoGyumri\\Desktop\\class-components\\react-class-components\\src\\components\\Search\\Search.tsx","statementMap":{"0":{"start":{"line":33,"column":0},"end":{"line":33,"column":15}},"1":{"start":{"line":1,"column":32},"end":{"line":1,"column":null}},"2":{"start":{"line":2,"column":19},"end":{"line":2,"column":null}},"3":{"start":{"line":9,"column":38},"end":{"line":31,"column":null}},"4":{"start":{"line":10,"column":42},"end":{"line":10,"column":null}},"5":{"start":{"line":12,"column":25},"end":{"line":14,"column":null}},"6":{"start":{"line":13,"column":8},"end":{"line":13,"column":null}},"7":{"start":{"line":16,"column":25},"end":{"line":18,"column":null}},"8":{"start":{"line":17,"column":8},"end":{"line":17,"column":null}},"9":{"start":{"line":33,"column":15},"end":{"line":33,"column":null}}},"fnMap":{"0":{"name":"(anonymous_5)","decl":{"start":{"line":9,"column":38},"end":{"line":9,"column":39}},"loc":{"start":{"line":9,"column":63},"end":{"line":31,"column":null}}},"1":{"name":"(anonymous_6)","decl":{"start":{"line":12,"column":25},"end":{"line":12,"column":26}},"loc":{"start":{"line":12,"column":26},"end":{"line":14,"column":null}}},"2":{"name":"(anonymous_7)","decl":{"start":{"line":16,"column":25},"end":{"line":16,"column":null}},"loc":{"start":{"line":16,"column":25},"end":{"line":18,"column":null}}}},"branchMap":{},"s":{"0":2,"1":2,"2":2,"3":2,"4":4,"5":4,"6":1,"7":4,"8":1,"9":2},"f":{"0":4,"1":1,"2":1},"b":{}}
,"C:\\Users\\TornadoGyumri\\Desktop\\class-components\\react-class-components\\src\\components\\Search\\index.ts": {"path":"C:\\Users\\TornadoGyumri\\Desktop\\class-components\\react-class-components\\src\\components\\Search\\index.ts","statementMap":{"0":{"start":{"line":2,"column":0},"end":{"line":2,"column":15}},"1":{"start":{"line":1,"column":19},"end":{"line":1,"column":null}},"2":{"start":{"line":2,"column":15},"end":{"line":2,"column":21}}},"fnMap":{},"branchMap":{},"s":{"0":2,"1":1,"2":1},"f":{},"b":{}}
,"C:\\Users\\TornadoGyumri\\Desktop\\class-components\\react-class-components\\src\\components\\SelectedItemsFlyout\\SelectedItemsFlyout.tsx": {"path":"C:\\Users\\TornadoGyumri\\Desktop\\class-components\\react-class-components\\src\\components\\SelectedItemsFlyout\\SelectedItemsFlyout.tsx","statementMap":{"0":{"start":{"line":49,"column":0},"end":{"line":49,"column":15}},"1":{"start":{"line":1,"column":18},"end":{"line":1,"column":null}},"2":{"start":{"line":2,"column":41},"end":{"line":2,"column":null}},"3":{"start":{"line":4,"column":33},"end":{"line":4,"column":null}},"4":{"start":{"line":5,"column":23},"end":{"line":5,"column":null}},"5":{"start":{"line":7,"column":19},"end":{"line":7,"column":null}},"6":{"start":{"line":9,"column":24},"end":{"line":14,"column":null}},"7":{"start":{"line":10,"column":20},"end":{"line":10,"column":null}},"8":{"start":{"line":11,"column":26},"end":{"line":11,"column":49}},"9":{"start":{"line":13,"column":4},"end":{"line":13,"column":null}},"10":{"start":{"line":16,"column":38},"end":{"line":47,"column":null}},"11":{"start":{"line":17,"column":21},"end":{"line":17,"column":null}},"12":{"start":{"line":18,"column":26},"end":{"line":18,"column":null}},"13":{"start":{"line":18,"column":60},"end":{"line":18,"column":85}},"14":{"start":{"line":20,"column":4},"end":{"line":20,"column":null}},"15":{"start":{"line":20,"column":36},"end":{"line":20,"column":null}},"16":{"start":{"line":22,"column":30},"end":{"line":24,"column":null}},"17":{"start":{"line":23,"column":8},"end":{"line":23,"column":null}},"18":{"start":{"line":26,"column":27},"end":{"line":38,"column":null}},"19":{"start":{"line":28,"column":12},"end":{"line":35,"column":null}},"20":{"start":{"line":31,"column":20},"end":{"line":33,"column":null}},"21":{"start":{"line":32,"column":40},"end":{"line":32,"column":52}},"22":{"start":{"line":36,"column":21},"end":{"line":36,"column":null}},"23":{"start":{"line":37,"column":8},"end":{"line":37,"column":null}},"24":{"start":{"line":49,"column":15},"end":{"line":49,"column":null}}},"fnMap":{"0":{"name":"(anonymous_2)","decl":{"start":{"line":9,"column":24},"end":{"line":9,"column":25}},"loc":{"start":{"line":9,"column":25},"end":{"line":14,"column":null}}},"1":{"name":"(anonymous_3)","decl":{"start":{"line":16,"column":38},"end":{"line":16,"column":null}},"loc":{"start":{"line":16,"column":38},"end":{"line":47,"column":null}}},"2":{"name":"(anonymous_4)","decl":{"start":{"line":18,"column":38},"end":{"line":18,"column":39}},"loc":{"start":{"line":18,"column":60},"end":{"line":18,"column":85}}},"3":{"name":"(anonymous_5)","decl":{"start":{"line":22,"column":30},"end":{"line":22,"column":null}},"loc":{"start":{"line":22,"column":30},"end":{"line":24,"column":null}}},"4":{"name":"(anonymous_6)","decl":{"start":{"line":26,"column":27},"end":{"line":26,"column":null}},"loc":{"start":{"line":26,"column":27},"end":{"line":38,"column":null}}},"5":{"name":"(anonymous_7)","decl":{"start":{"line":30,"column":21},"end":{"line":30,"column":22}},"loc":{"start":{"line":31,"column":20},"end":{"line":33,"column":null}}},"6":{"name":"(anonymous_8)","decl":{"start":{"line":32,"column":29},"end":{"line":32,"column":30}},"loc":{"start":{"line":32,"column":40},"end":{"line":32,"column":52}}}},"branchMap":{"0":{"loc":{"start":{"line":13,"column":11},"end":{"line":13,"column":null}},"type":"binary-expr","locations":[{"start":{"line":13,"column":11},"end":{"line":13,"column":28}},{"start":{"line":13,"column":28},"end":{"line":13,"column":null}}]},"1":{"loc":{"start":{"line":20,"column":4},"end":{"line":20,"column":null}},"type":"if","locations":[{"start":{"line":20,"column":4},"end":{"line":20,"column":null}}]}},"s":{"0":2,"1":1,"2":1,"3":1,"4":1,"5":1,"6":1,"7":0,"8":0,"9":0,"10":1,"11":2,"12":2,"13":0,"14":2,"15":2,"16":0,"17":0,"18":0,"19":0,"20":0,"21":0,"22":0,"23":0,"24":1},"f":{"0":0,"1":2,"2":0,"3":0,"4":0,"5":0,"6":0},"b":{"0":[0,0],"1":[2]}}
,"C:\\Users\\TornadoGyumri\\Desktop\\class-components\\react-class-components\\src\\constants\\commonConstants.ts": {"path":"C:\\Users\\TornadoGyumri\\Desktop\\class-components\\react-class-components\\src\\constants\\commonConstants.ts","statementMap":{"0":{"start":{"line":3,"column":13},"end":{"line":3,"column":21}},"1":{"start":{"line":4,"column":13},"end":{"line":4,"column":33}},"2":{"start":{"line":5,"column":13},"end":{"line":5,"column":17}},"3":{"start":{"line":3,"column":24},"end":{"line":3,"column":null}},"4":{"start":{"line":4,"column":36},"end":{"line":4,"column":null}},"5":{"start":{"line":5,"column":27},"end":{"line":11,"column":null}}},"fnMap":{},"branchMap":{},"s":{"0":2,"1":2,"2":3,"3":3,"4":3,"5":3},"f":{},"b":{}}
,"C:\\Users\\TornadoGyumri\\Desktop\\class-components\\react-class-components\\src\\context\\ThemeContext.tsx": {"path":"C:\\Users\\TornadoGyumri\\Desktop\\class-components\\react-class-components\\src\\context\\ThemeContext.tsx","statementMap":{"0":{"start":{"line":10,"column":13},"end":{"line":10,"column":26}},"1":{"start":{"line":33,"column":0},"end":{"line":33,"column":15}},"2":{"start":{"line":25,"column":13},"end":{"line":25,"column":21}},"3":{"start":{"line":1,"column":58},"end":{"line":1,"column":null}},"4":{"start":{"line":8,"column":21},"end":{"line":8,"column":null}},"5":{"start":{"line":10,"column":64},"end":{"line":23,"column":null}},"6":{"start":{"line":11,"column":30},"end":{"line":11,"column":null}},"7":{"start":{"line":25,"column":24},"end":{"line":31,"column":null}},"8":{"start":{"line":26,"column":20},"end":{"line":26,"column":null}},"9":{"start":{"line":27,"column":4},"end":{"line":29,"column":null}},"10":{"start":{"line":28,"column":8},"end":{"line":28,"column":null}},"11":{"start":{"line":30,"column":4},"end":{"line":30,"column":null}},"12":{"start":{"line":33,"column":15},"end":{"line":33,"column":28}}},"fnMap":{"0":{"name":"(anonymous_7)","decl":{"start":{"line":10,"column":64},"end":{"line":10,"column":65}},"loc":{"start":{"line":10,"column":77},"end":{"line":23,"column":null}}},"1":{"name":"(anonymous_8)","decl":{"start":{"line":25,"column":24},"end":{"line":25,"column":null}},"loc":{"start":{"line":25,"column":24},"end":{"line":31,"column":null}}}},"branchMap":{"0":{"loc":{"start":{"line":27,"column":4},"end":{"line":29,"column":null}},"type":"if","locations":[{"start":{"line":27,"column":4},"end":{"line":29,"column":null}}]}},"s":{"0":10,"1":0,"2":2,"3":3,"4":3,"5":3,"6":10,"7":3,"8":2,"9":2,"10":0,"11":2,"12":3},"f":{"0":10,"1":2},"b":{"0":[0]}}
,"C:\\Users\\TornadoGyumri\\Desktop\\class-components\\react-class-components\\src\\hooks\\useLocalStorage.ts": {"path":"C:\\Users\\TornadoGyumri\\Desktop\\class-components\\react-class-components\\src\\hooks\\useLocalStorage.ts","statementMap":{"0":{"start":{"line":26,"column":0},"end":{"line":26,"column":15}},"1":{"start":{"line":1,"column":25},"end":{"line":1,"column":null}},"2":{"start":{"line":4,"column":42},"end":{"line":12,"column":null}},"3":{"start":{"line":5,"column":8},"end":{"line":11,"column":null}},"4":{"start":{"line":6,"column":25},"end":{"line":6,"column":null}},"5":{"start":{"line":7,"column":12},"end":{"line":7,"column":null}},"6":{"start":{"line":9,"column":12},"end":{"line":9,"column":null}},"7":{"start":{"line":10,"column":12},"end":{"line":10,"column":null}},"8":{"start":{"line":14,"column":21},"end":{"line":21,"column":null}},"9":{"start":{"line":15,"column":8},"end":{"line":20,"column":null}},"10":{"start":{"line":16,"column":12},"end":{"line":16,"column":null}},"11":{"start":{"line":17,"column":12},"end":{"line":17,"column":null}},"12":{"start":{"line":19,"column":12},"end":{"line":19,"column":null}},"13":{"start":{"line":23,"column":4},"end":{"line":23,"column":null}},"14":{"start":{"line":26,"column":15},"end":{"line":26,"column":null}}},"fnMap":{"0":{"name":"useLocalStorage","decl":{"start":{"line":3,"column":9},"end":{"line":3,"column":28}},"loc":{"start":{"line":3,"column":56},"end":{"line":24,"column":null}}},"1":{"name":"(anonymous_2)","decl":{"start":{"line":4,"column":54},"end":{"line":4,"column":null}},"loc":{"start":{"line":4,"column":54},"end":{"line":12,"column":null}}},"2":{"name":"(anonymous_3)","decl":{"start":{"line":14,"column":21},"end":{"line":14,"column":22}},"loc":{"start":{"line":14,"column":22},"end":{"line":21,"column":null}}}},"branchMap":{"0":{"loc":{"start":{"line":7,"column":19},"end":{"line":7,"column":null}},"type":"cond-expr","locations":[{"start":{"line":7,"column":26},"end":{"line":7,"column":45}},{"start":{"line":7,"column":45},"end":{"line":7,"column":null}}]}},"s":{"0":2,"1":1,"2":2,"3":2,"4":2,"5":2,"6":0,"7":0,"8":2,"9":0,"10":0,"11":0,"12":0,"13":2,"14":1},"f":{"0":2,"1":2,"2":0},"b":{"0":[0,2]}}
,"C:\\Users\\TornadoGyumri\\Desktop\\class-components\\react-class-components\\src\\hooks\\useQueryParams.ts": {"path":"C:\\Users\\TornadoGyumri\\Desktop\\class-components\\react-class-components\\src\\hooks\\useQueryParams.ts","statementMap":{"0":{"start":{"line":3,"column":13},"end":{"line":3,"column":30}},"1":{"start":{"line":1,"column":32},"end":{"line":1,"column":null}},"2":{"start":{"line":3,"column":30},"end":{"line":13,"column":null}},"3":{"start":{"line":4,"column":25},"end":{"line":4,"column":null}},"4":{"start":{"line":6,"column":28},"end":{"line":8,"column":null}},"5":{"start":{"line":7,"column":8},"end":{"line":7,"column":null}},"6":{"start":{"line":10,"column":4},"end":{"line":12,"column":null}}},"fnMap":{"0":{"name":"(anonymous_1)","decl":{"start":{"line":3,"column":30},"end":{"line":3,"column":null}},"loc":{"start":{"line":3,"column":30},"end":{"line":13,"column":null}}},"1":{"name":"(anonymous_2)","decl":{"start":{"line":6,"column":28},"end":{"line":6,"column":null}},"loc":{"start":{"line":6,"column":28},"end":{"line":8,"column":null}}}},"branchMap":{"0":{"loc":{"start":{"line":7,"column":15},"end":{"line":7,"column":null}},"type":"binary-expr","locations":[{"start":{"line":7,"column":15},"end":{"line":7,"column":51}},{"start":{"line":7,"column":51},"end":{"line":7,"column":null}}]}},"s":{"0":4,"1":2,"2":2,"3":4,"4":4,"5":4,"6":4},"f":{"0":4,"1":4},"b":{"0":[4,0]}}
,"C:\\Users\\TornadoGyumri\\Desktop\\class-components\\react-class-components\\src\\store\\index.ts": {"path":"C:\\Users\\TornadoGyumri\\Desktop\\class-components\\react-class-components\\src\\store\\index.ts","statementMap":{"0":{"start":{"line":21,"column":0},"end":{"line":21,"column":15}},"1":{"start":{"line":1,"column":31},"end":{"line":1,"column":null}},"2":{"start":{"line":2,"column":31},"end":{"line":2,"column":null}},"3":{"start":{"line":3,"column":25},"end":{"line":3,"column":null}},"4":{"start":{"line":4,"column":22},"end":{"line":4,"column":null}},"5":{"start":{"line":5,"column":33},"end":{"line":5,"column":null}},"6":{"start":{"line":7,"column":14},"end":{"line":14,"column":null}},"7":{"start":{"line":13,"column":42},"end":{"line":13,"column":null}},"8":{"start":{"line":16,"column":0},"end":{"line":16,"column":null}},"9":{"start":{"line":21,"column":15},"end":{"line":21,"column":null}}},"fnMap":{"0":{"name":"(anonymous_2)","decl":{"start":{"line":13,"column":16},"end":{"line":13,"column":17}},"loc":{"start":{"line":13,"column":42},"end":{"line":13,"column":null}}}},"branchMap":{},"s":{"0":10,"1":3,"2":3,"3":3,"4":3,"5":3,"6":3,"7":3,"8":3,"9":3},"f":{"0":3},"b":{}}
,"C:\\Users\\TornadoGyumri\\Desktop\\class-components\\react-class-components\\src\\store\\selectedItemsSlice.ts": {"path":"C:\\Users\\TornadoGyumri\\Desktop\\class-components\\react-class-components\\src\\store\\selectedItemsSlice.ts","statementMap":{"0":{"start":{"line":33,"column":0},"end":{"line":33,"column":15}},"1":{"start":{"line":32,"column":15},"end":{"line":32,"column":25}},"2":{"start":{"line":32,"column":41},"end":{"line":32,"column":57}},"3":{"start":{"line":32,"column":27},"end":{"line":32,"column":39}},"4":{"start":{"line":1,"column":43},"end":{"line":1,"column":null}},"5":{"start":{"line":8,"column":41},"end":{"line":10,"column":null}},"6":{"start":{"line":12,"column":27},"end":{"line":30,"column":null}},"7":{"start":{"line":17,"column":12},"end":{"line":17,"column":null}},"8":{"start":{"line":20,"column":12},"end":{"line":24,"column":null}},"9":{"start":{"line":21,"column":31},"end":{"line":21,"column":75}},"10":{"start":{"line":23,"column":16},"end":{"line":23,"column":null}},"11":{"start":{"line":27,"column":12},"end":{"line":27,"column":null}},"12":{"start":{"line":32,"column":62},"end":{"line":32,"column":88}},"13":{"start":{"line":33,"column":15},"end":{"line":33,"column":41}}},"fnMap":{"0":{"name":"(anonymous_5)","decl":{"start":{"line":16,"column":8},"end":{"line":16,"column":19}},"loc":{"start":{"line":16,"column":59},"end":{"line":18,"column":null}}},"1":{"name":"(anonymous_6)","decl":{"start":{"line":19,"column":8},"end":{"line":19,"column":21}},"loc":{"start":{"line":19,"column":57},"end":{"line":25,"column":null}}},"2":{"name":"(anonymous_7)","decl":{"start":{"line":20,"column":45},"end":{"line":20,"column":46}},"loc":{"start":{"line":20,"column":46},"end":{"line":24,"column":null}}},"3":{"name":"(anonymous_8)","decl":{"start":{"line":26,"column":8},"end":{"line":26,"column":25}},"loc":{"start":{"line":26,"column":30},"end":{"line":28,"column":null}}}},"branchMap":{},"s":{"0":1,"1":0,"2":0,"3":0,"4":1,"5":1,"6":1,"7":0,"8":0,"9":0,"10":0,"11":0,"12":1,"13":1},"f":{"0":0,"1":0,"2":0,"3":0},"b":{}}
,"C:\\Users\\TornadoGyumri\\Desktop\\class-components\\react-class-components\\src\\store\\uiSlice.ts": {"path":"C:\\Users\\TornadoGyumri\\Desktop\\class-components\\react-class-components\\src\\store\\uiSlice.ts","statementMap":{"0":{"start":{"line":22,"column":0},"end":{"line":22,"column":15}},"1":{"start":{"line":21,"column":15},"end":{"line":21,"column":25}},"2":{"start":{"line":1,"column":43},"end":{"line":1,"column":null}},"3":{"start":{"line":7,"column":30},"end":{"line":9,"column":null}},"4":{"start":{"line":11,"column":16},"end":{"line":19,"column":null}},"5":{"start":{"line":16,"column":12},"end":{"line":16,"column":null}},"6":{"start":{"line":21,"column":30},"end":{"line":21,"column":45}},"7":{"start":{"line":22,"column":15},"end":{"line":22,"column":30}}},"fnMap":{"0":{"name":"(anonymous_3)","decl":{"start":{"line":15,"column":8},"end":{"line":15,"column":19}},"loc":{"start":{"line":15,"column":56},"end":{"line":17,"column":null}}}},"branchMap":{},"s":{"0":3,"1":0,"2":3,"3":3,"4":3,"5":0,"6":3,"7":3},"f":{"0":0},"b":{}}
}
