TN:
SF:src\testUtils.tsx
FN:7,(anonymous_2)
FNF:1
FNH:1
FNDA:13,(anonymous_2)
DA:1,4
DA:2,4
DA:3,4
DA:4,4
DA:5,4
DA:7,13
LF:6
LH:6
BRF:0
BRH:0
end_of_record
TN:
SF:src\components\HeaderButtons\HeaderButtons.tsx
FN:11,(anonymous_2)
FN:12,(anonymous_3)
FN:13,(anonymous_4)
FN:20,(anonymous_5)
FNF:4
FNH:4
FNDA:5,(anonymous_2)
FNDA:5,(anonymous_3)
FNDA:25,(anonymous_4)
FNDA:1,(anonymous_5)
DA:1,2
DA:2,2
DA:3,2
DA:4,2
DA:11,2
DA:12,5
DA:13,5
DA:14,25
DA:20,1
DA:29,2
LF:10
LH:10
BRF:0
BRH:0
end_of_record
TN:
SF:src\components\HeaderButtons\index.ts
FNF:0
FNH:0
DA:1,1
DA:2,4
LF:2
LH:2
BRF:0
BRH:0
end_of_record
TN:
SF:src\components\Item\Item.tsx
FN:14,(anonymous_2)
FN:18,(anonymous_3)
FN:19,(anonymous_4)
FN:21,(anonymous_5)
FNF:4
FNH:4
FNDA:17,(anonymous_2)
FNDA:29,(anonymous_3)
FNDA:2,(anonymous_4)
FNDA:2,(anonymous_5)
DA:1,3
DA:2,3
DA:4,3
DA:5,3
DA:7,3
DA:8,3
DA:14,3
DA:15,17
DA:16,17
DA:17,17
DA:18,29
DA:19,17
DA:21,17
DA:22,2
DA:23,1
DA:25,1
DA:28,17
DA:49,17
LF:18
LH:18
BRDA:22,0,0,1
BRDA:22,0,1,1
BRF:2
BRH:2
end_of_record
TN:
SF:src\components\List\List.tsx
FN:11,(anonymous_2)
FN:17,(anonymous_3)
FNF:2
FNH:2
FNDA:7,(anonymous_2)
FNDA:12,(anonymous_3)
DA:1,2
DA:2,2
DA:3,2
DA:11,2
DA:18,12
DA:24,4
LF:6
LH:6
BRDA:13,0,0,4
BRDA:13,0,1,4
BRF:2
BRH:2
end_of_record
TN:
SF:src\components\List\index.ts
FNF:0
FNH:0
DA:1,1
DA:2,4
LF:2
LH:2
BRF:0
BRH:0
end_of_record
TN:
SF:src\components\Pagination\Pagination.tsx
FN:12,(anonymous_5)
FN:19,(anonymous_6)
FN:27,(anonymous_7)
FN:28,(anonymous_8)
FN:34,(anonymous_9)
FN:35,(anonymous_10)
FNF:6
FNH:6
FNDA:8,(anonymous_5)
FNDA:38,(anonymous_6)
FNDA:3,(anonymous_7)
FNDA:6,(anonymous_8)
FNDA:2,(anonymous_9)
FNDA:6,(anonymous_10)
DA:1,2
DA:2,2
DA:3,2
DA:4,2
DA:5,2
DA:6,2
DA:12,2
DA:13,8
DA:14,8
DA:16,8
DA:19,8
DA:20,38
DA:23,8
DA:24,8
DA:25,8
DA:27,8
DA:28,6
DA:29,3
DA:30,3
DA:31,3
DA:34,8
DA:35,2
DA:36,6
DA:94,2
LF:24
LH:24
BRDA:30,0,0,1
BRDA:30,0,1,2
BRDA:31,1,0,3
BRDA:31,1,1,0
BRDA:72,2,0,2
BRDA:72,2,1,6
BRF:6
BRH:5
end_of_record
TN:
SF:src\components\Pagination\index.ts
FNF:0
FNH:0
DA:1,1
DA:2,4
LF:2
LH:2
BRF:0
BRH:0
end_of_record
TN:
SF:src\components\Search\Search.tsx
FN:9,(anonymous_5)
FN:12,(anonymous_6)
FN:16,(anonymous_7)
FNF:3
FNH:3
FNDA:6,(anonymous_5)
FNDA:1,(anonymous_6)
FNDA:1,(anonymous_7)
DA:1,2
DA:2,2
DA:9,2
DA:10,6
DA:12,6
DA:13,1
DA:16,6
DA:17,1
DA:33,2
LF:9
LH:9
BRF:0
BRH:0
end_of_record
TN:
SF:src\components\Search\index.ts
FNF:0
FNH:0
DA:1,1
DA:2,4
LF:2
LH:2
BRF:0
BRH:0
end_of_record
TN:
SF:src\components\SelectedItemsFlyout\SelectedItemsFlyout.tsx
FN:9,(anonymous_2)
FN:16,(anonymous_3)
FN:18,(anonymous_4)
FN:22,(anonymous_5)
FN:26,(anonymous_6)
FN:30,(anonymous_7)
FN:32,(anonymous_8)
FNF:7
FNH:2
FNDA:0,(anonymous_2)
FNDA:4,(anonymous_3)
FNDA:8,(anonymous_4)
FNDA:0,(anonymous_5)
FNDA:0,(anonymous_6)
FNDA:0,(anonymous_7)
FNDA:0,(anonymous_8)
DA:1,1
DA:2,1
DA:4,1
DA:5,1
DA:7,1
DA:9,1
DA:10,0
DA:11,0
DA:13,0
DA:16,1
DA:17,4
DA:18,8
DA:20,4
DA:22,0
DA:23,0
DA:26,0
DA:28,0
DA:31,0
DA:32,0
DA:36,0
DA:37,0
DA:49,4
LF:22
LH:11
BRDA:13,0,0,0
BRDA:13,0,1,0
BRDA:20,1,0,4
BRF:3
BRH:1
end_of_record
TN:
SF:src\constants\commonConstants.ts
FNF:0
FNH:0
DA:3,6
DA:4,5
DA:5,5
LF:3
LH:3
BRF:0
BRH:0
end_of_record
TN:
SF:src\context\ThemeContext.tsx
FNF:0
FNH:0
DA:1,4
DA:9,4
DA:11,17
LF:3
LH:3
BRF:0
BRH:0
end_of_record
TN:
SF:src\context\ThemeProvider.tsx
FN:5,(anonymous_7)
FN:20,(anonymous_8)
FNF:2
FNH:2
FNDA:13,(anonymous_7)
FNDA:4,(anonymous_8)
DA:1,4
DA:2,4
DA:5,13
DA:6,13
DA:20,4
DA:21,4
DA:22,4
DA:23,0
DA:25,4
LF:9
LH:8
BRDA:22,0,0,0
BRF:1
BRH:0
end_of_record
TN:
SF:src\hooks\useLocalStorage.ts
FN:3,useLocalStorage
FN:4,(anonymous_2)
FN:14,(anonymous_3)
FNF:3
FNH:2
FNDA:4,useLocalStorage
FNDA:2,(anonymous_2)
FNDA:0,(anonymous_3)
DA:1,1
DA:4,4
DA:5,2
DA:6,2
DA:7,2
DA:9,0
DA:10,0
DA:14,4
DA:15,0
DA:16,0
DA:17,0
DA:19,0
DA:23,4
DA:26,4
LF:14
LH:8
BRDA:7,0,0,0
BRDA:7,0,1,2
BRF:2
BRH:1
end_of_record
TN:
SF:src\hooks\useQueryParams.ts
FN:3,(anonymous_1)
FN:7,(anonymous_2)
FNF:2
FNH:2
FNDA:24,(anonymous_1)
FNDA:24,(anonymous_2)
DA:1,3
DA:3,24
DA:4,24
DA:5,24
DA:7,24
DA:8,24
DA:9,24
DA:12,24
LF:8
LH:8
BRDA:8,0,0,0
BRDA:8,0,1,24
BRF:2
BRH:1
end_of_record
TN:
SF:src\pages\details.tsx
FN:12,(anonymous_2)
FN:25,(anonymous_3)
FN:34,(anonymous_4)
FNF:3
FNH:2
FNDA:3,(anonymous_2)
FNDA:0,(anonymous_3)
FNDA:2,(anonymous_4)
DA:1,2
DA:2,2
DA:3,2
DA:4,2
DA:12,2
DA:13,3
DA:19,2
DA:26,0
DA:35,2
DA:45,3
LF:10
LH:9
BRDA:19,0,0,1
BRF:1
BRH:1
end_of_record
TN:
SF:src\pages\index.tsx
FN:22,(anonymous_5)
FN:24,(anonymous_6)
FN:36,(anonymous_7)
FN:40,(anonymous_8)
FN:41,(anonymous_9)
FN:45,(anonymous_10)
FN:49,(anonymous_11)
FN:61,(anonymous_12)
FN:62,(anonymous_13)
FN:68,(anonymous_14)
FNF:10
FNH:3
FNDA:4,(anonymous_5)
FNDA:9,(anonymous_6)
FNDA:2,(anonymous_7)
FNDA:0,(anonymous_8)
FNDA:0,(anonymous_9)
FNDA:0,(anonymous_10)
FNDA:0,(anonymous_11)
FNDA:0,(anonymous_12)
FNDA:0,(anonymous_13)
FNDA:0,(anonymous_14)
DA:1,1
DA:2,1
DA:3,1
DA:4,1
DA:6,1
DA:7,1
DA:8,1
DA:9,1
DA:10,1
DA:12,1
DA:13,1
DA:15,1
DA:16,1
DA:17,1
DA:18,1
DA:19,1
DA:22,1
DA:23,4
DA:24,9
DA:25,4
DA:26,4
DA:27,4
DA:28,4
DA:29,4
DA:34,4
DA:36,4
DA:37,2
DA:40,4
DA:41,0
DA:42,0
DA:45,4
DA:46,0
DA:49,4
DA:50,0
DA:54,4
DA:55,4
DA:56,4
DA:61,0
DA:62,0
DA:69,0
DA:70,0
DA:106,2
LF:42
LH:34
BRDA:41,0,0,0
BRDA:41,0,1,0
BRDA:56,1,0,0
BRDA:56,1,1,4
BRDA:59,2,0,0
BRDA:59,2,1,4
BRDA:69,3,0,0
BRDA:83,4,0,2
BRDA:83,4,1,2
BRDA:86,5,0,2
BRDA:86,5,1,2
BRDA:91,6,0,4
BRF:12
BRH:7
end_of_record
TN:
SF:src\pages\notFound.tsx
FNF:0
FNH:0
DA:1,1
DA:10,1
LF:2
LH:2
BRF:0
BRH:0
end_of_record
TN:
SF:src\store\apiSlice.ts
FN:8,(anonymous_4)
FN:10,(anonymous_5)
FN:18,(anonymous_6)
FNF:3
FNH:2
FNDA:4,(anonymous_4)
FNDA:1,(anonymous_5)
FNDA:0,(anonymous_6)
DA:1,4
DA:2,4
DA:5,10
DA:8,4
DA:11,1
DA:12,1
DA:13,1
DA:14,1
DA:18,0
DA:23,5
LF:10
LH:9
BRDA:12,0,0,0
BRDA:13,1,0,1
BRF:2
BRH:1
end_of_record
TN:
SF:src\store\index.ts
FN:13,(anonymous_2)
FNF:1
FNH:1
FNDA:4,(anonymous_2)
DA:1,4
DA:2,4
DA:3,4
DA:4,4
DA:5,4
DA:7,4
DA:13,4
DA:16,4
DA:21,13
LF:9
LH:9
BRF:0
BRH:0
end_of_record
TN:
SF:src\store\selectedItemsSlice.ts
FN:16,(anonymous_5)
FN:19,(anonymous_6)
FN:20,(anonymous_7)
FN:26,(anonymous_8)
FNF:4
FNH:0
FNDA:0,(anonymous_5)
FNDA:0,(anonymous_6)
FNDA:0,(anonymous_7)
FNDA:0,(anonymous_8)
DA:1,3
DA:8,3
DA:12,3
DA:17,0
DA:20,0
DA:21,0
DA:23,0
DA:27,0
DA:32,3
DA:33,3
LF:10
LH:5
BRF:0
BRH:0
end_of_record
TN:
SF:src\store\uiSlice.ts
FN:15,(anonymous_3)
FNF:1
FNH:1
FNDA:2,(anonymous_3)
DA:1,4
DA:7,4
DA:11,4
DA:16,2
DA:21,4
DA:22,4
LF:6
LH:6
BRF:0
BRH:0
end_of_record
