TN:
SF:src\testUtils.tsx
FN:8,(anonymous_2)
FNF:1
FNH:1
FNDA:8,(anonymous_2)
DA:1,2
DA:2,2
DA:3,2
DA:4,2
DA:6,2
DA:8,8
LF:6
LH:6
BRF:0
BRH:0
end_of_record
TN:
SF:src\app\not-found\page.tsx
FNF:0
FNH:0
DA:1,1
DA:10,1
LF:2
LH:2
BRF:0
BRH:0
end_of_record
TN:
SF:src\components\Details\Details.tsx
FN:10,(anonymous_2)
FN:15,(anonymous_3)
FN:24,(anonymous_4)
FNF:3
FNH:2
FNDA:1,(anonymous_2)
FNDA:0,(anonymous_3)
FNDA:2,(anonymous_4)
DA:1,2
DA:2,2
DA:3,2
DA:10,2
DA:16,0
DA:25,2
DA:35,2
LF:7
LH:6
BRF:0
BRH:0
end_of_record
TN:
SF:src\components\Details\index.ts
FNF:0
FNH:0
DA:1,1
DA:2,1
LF:2
LH:2
BRF:0
BRH:0
end_of_record
TN:
SF:src\components\ErrorBoundary\ErrorBoundary.tsx
FN:17,(anonymous_5)
FN:21,(anonymous_6)
FN:25,(anonymous_7)
FN:32,(anonymous_8)
FN:37,(anonymous_9)
FNF:5
FNH:1
FNDA:0,(anonymous_5)
FNDA:0,(anonymous_6)
FNDA:0,(anonymous_7)
FNDA:2,(anonymous_8)
FNDA:0,(anonymous_9)
DA:1,1
DA:2,1
DA:12,1
DA:13,2
DA:18,0
DA:22,0
DA:25,2
DA:26,0
DA:29,0
DA:33,2
DA:37,0
LF:11
LH:6
BRDA:33,0,0,0
BRF:1
BRH:0
end_of_record
TN:
SF:src\components\ErrorBoundary\index.ts
FNF:0
FNH:0
DA:1,1
DA:2,2
LF:2
LH:2
BRF:0
BRH:0
end_of_record
TN:
SF:src\components\Item\Item.tsx
FN:15,(anonymous_2)
FN:19,(anonymous_3)
FN:20,(anonymous_4)
FN:22,(anonymous_5)
FNF:4
FNH:4
FNDA:27,(anonymous_2)
FNDA:9,(anonymous_3)
FNDA:2,(anonymous_4)
FNDA:2,(anonymous_5)
DA:1,3
DA:2,3
DA:3,3
DA:5,3
DA:6,3
DA:8,3
DA:9,3
DA:15,3
DA:16,27
DA:17,27
DA:18,27
DA:19,27
DA:20,27
DA:22,27
DA:23,2
DA:24,1
DA:26,1
DA:30,27
DA:52,27
LF:19
LH:19
BRDA:23,0,0,1
BRDA:23,0,1,1
BRF:2
BRH:2
end_of_record
TN:
SF:src\components\ItemsCategoryTabs\ItemsCategoryTabs.tsx
FN:8,(anonymous_2)
FN:11,(anonymous_3)
FN:12,(anonymous_4)
FNF:3
FNH:3
FNDA:3,(anonymous_2)
FNDA:3,(anonymous_3)
FNDA:15,(anonymous_4)
DA:1,2
DA:2,2
DA:3,2
DA:4,2
DA:5,2
DA:6,2
DA:8,2
DA:9,3
DA:11,3
DA:12,3
DA:13,15
DA:29,2
LF:12
LH:12
BRF:0
BRH:0
end_of_record
TN:
SF:src\components\ItemsCategoryTabs\index.ts
FNF:0
FNH:0
DA:1,1
DA:2,2
LF:2
LH:2
BRF:0
BRH:0
end_of_record
TN:
SF:src\components\List\List.tsx
FN:11,(anonymous_2)
FN:17,(anonymous_3)
FNF:2
FNH:2
FNDA:5,(anonymous_2)
FNDA:22,(anonymous_3)
DA:1,2
DA:2,2
DA:3,2
DA:11,2
DA:18,22
DA:24,4
LF:6
LH:6
BRDA:13,0,0,4
BRDA:13,0,1,4
BRF:2
BRH:2
end_of_record
TN:
SF:src\components\List\ListWrapper.tsx
FN:16,(anonymous_2)
FN:29,(anonymous_3)
FN:38,(anonymous_4)
FN:48,(anonymous_5)
FN:49,(anonymous_6)
FN:55,(anonymous_7)
FNF:6
FNH:1
FNDA:2,(anonymous_2)
FNDA:0,(anonymous_3)
FNDA:0,(anonymous_4)
FNDA:0,(anonymous_5)
FNDA:0,(anonymous_6)
FNDA:0,(anonymous_7)
DA:1,1
DA:2,1
DA:3,1
DA:4,1
DA:6,1
DA:7,1
DA:8,1
DA:9,1
DA:10,1
DA:11,1
DA:12,1
DA:13,1
DA:14,1
DA:16,1
DA:20,2
DA:21,2
DA:23,2
DA:24,2
DA:26,2
DA:27,2
DA:29,2
DA:30,0
DA:32,0
DA:33,0
DA:35,0
DA:38,2
DA:39,0
DA:42,2
DA:43,2
DA:48,0
DA:49,0
DA:56,0
DA:57,0
DA:58,0
DA:59,0
DA:90,2
LF:36
LH:25
BRDA:43,0,0,0
BRDA:43,0,1,2
BRDA:46,1,0,0
BRDA:46,1,1,2
BRDA:56,2,0,0
BRDA:67,3,0,2
BRDA:67,3,1,0
BRDA:72,4,0,2
BRDA:72,4,1,0
BRDA:79,5,0,2
BRF:10
BRH:5
end_of_record
TN:
SF:src\components\List\index.ts
FNF:0
FNH:0
DA:1,1
DA:2,2
LF:2
LH:2
BRF:0
BRH:0
end_of_record
TN:
SF:src\components\MainPageWrapper\MainPageWrapper.tsx
FN:11,(anonymous_2)
FNF:1
FNH:1
FNDA:2,(anonymous_2)
DA:3,1
DA:4,1
DA:5,1
DA:6,1
DA:7,1
DA:8,1
DA:11,1
DA:25,1
LF:8
LH:8
BRF:0
BRH:0
end_of_record
TN:
SF:src\components\MainPageWrapper\index.ts
FNF:0
FNH:0
DA:1,1
DA:2,2
LF:2
LH:2
BRF:0
BRH:0
end_of_record
TN:
SF:src\components\Pagination\Pagination.tsx
FN:12,(anonymous_5)
FN:19,(anonymous_6)
FN:27,(anonymous_7)
FN:28,(anonymous_8)
FN:34,(anonymous_9)
FN:35,(anonymous_10)
FNF:6
FNH:6
FNDA:6,(anonymous_5)
FNDA:31,(anonymous_6)
FNDA:3,(anonymous_7)
FNDA:7,(anonymous_8)
FNDA:3,(anonymous_9)
FNDA:7,(anonymous_10)
DA:1,2
DA:2,2
DA:3,2
DA:4,2
DA:5,2
DA:6,2
DA:12,2
DA:13,6
DA:14,6
DA:16,6
DA:19,6
DA:20,31
DA:23,6
DA:24,6
DA:25,6
DA:27,6
DA:28,7
DA:29,3
DA:30,3
DA:31,3
DA:34,6
DA:35,3
DA:36,7
DA:154,2
LF:24
LH:24
BRDA:30,0,0,2
BRDA:30,0,1,1
BRDA:31,1,0,2
BRDA:31,1,1,1
BRDA:108,2,0,3
BRDA:108,2,1,3
BRF:6
BRH:6
end_of_record
TN:
SF:src\components\Pagination\index.ts
FNF:0
FNH:0
DA:1,1
DA:2,2
LF:2
LH:2
BRF:0
BRH:0
end_of_record
TN:
SF:src\components\Search\Search.tsx
FN:9,(anonymous_5)
FN:12,(anonymous_6)
FN:16,(anonymous_7)
FNF:3
FNH:3
FNDA:4,(anonymous_5)
FNDA:1,(anonymous_6)
FNDA:1,(anonymous_7)
DA:1,2
DA:2,2
DA:9,2
DA:10,4
DA:12,4
DA:13,1
DA:16,4
DA:17,1
DA:33,2
LF:9
LH:9
BRF:0
BRH:0
end_of_record
TN:
SF:src\components\Search\index.ts
FNF:0
FNH:0
DA:1,1
DA:2,2
LF:2
LH:2
BRF:0
BRH:0
end_of_record
TN:
SF:src\components\SelectedItemsFlyout\SelectedItemsFlyout.tsx
FN:9,(anonymous_2)
FN:16,(anonymous_3)
FN:18,(anonymous_4)
FN:22,(anonymous_5)
FN:26,(anonymous_6)
FN:30,(anonymous_7)
FN:32,(anonymous_8)
FNF:7
FNH:1
FNDA:0,(anonymous_2)
FNDA:2,(anonymous_3)
FNDA:0,(anonymous_4)
FNDA:0,(anonymous_5)
FNDA:0,(anonymous_6)
FNDA:0,(anonymous_7)
FNDA:0,(anonymous_8)
DA:1,1
DA:2,1
DA:4,1
DA:5,1
DA:7,1
DA:9,1
DA:10,0
DA:11,0
DA:13,0
DA:16,1
DA:17,2
DA:18,2
DA:20,2
DA:22,0
DA:23,0
DA:26,0
DA:28,0
DA:31,0
DA:32,0
DA:36,0
DA:37,0
DA:49,2
LF:22
LH:11
BRDA:13,0,0,0
BRDA:13,0,1,0
BRDA:20,1,0,2
BRF:3
BRH:1
end_of_record
TN:
SF:src\constants\commonConstants.ts
FNF:0
FNH:0
DA:3,3
DA:4,3
DA:5,3
LF:3
LH:3
BRF:0
BRH:0
end_of_record
TN:
SF:src\context\ThemeContext.tsx
FN:10,(anonymous_7)
FN:25,(anonymous_8)
FNF:2
FNH:2
FNDA:10,(anonymous_7)
FNDA:2,(anonymous_8)
DA:1,3
DA:8,3
DA:10,10
DA:11,10
DA:25,3
DA:26,2
DA:27,2
DA:28,0
DA:30,2
DA:33,3
LF:10
LH:9
BRDA:27,0,0,0
BRF:1
BRH:0
end_of_record
TN:
SF:src\hooks\useLocalStorage.ts
FN:3,useLocalStorage
FN:4,(anonymous_2)
FN:14,(anonymous_3)
FNF:3
FNH:2
FNDA:2,useLocalStorage
FNDA:2,(anonymous_2)
FNDA:0,(anonymous_3)
DA:1,1
DA:4,2
DA:5,2
DA:6,2
DA:7,2
DA:9,0
DA:10,0
DA:14,2
DA:15,0
DA:16,0
DA:17,0
DA:19,0
DA:23,2
DA:26,2
LF:14
LH:8
BRDA:7,0,0,0
BRDA:7,0,1,2
BRF:2
BRH:1
end_of_record
TN:
SF:src\hooks\useQueryParams.ts
FN:3,(anonymous_1)
FN:6,(anonymous_2)
FNF:2
FNH:2
FNDA:4,(anonymous_1)
FNDA:4,(anonymous_2)
DA:1,2
DA:3,4
DA:4,4
DA:6,4
DA:7,4
DA:10,4
LF:6
LH:6
BRDA:7,0,0,4
BRDA:7,0,1,0
BRF:2
BRH:1
end_of_record
TN:
SF:src\store\index.ts
FN:13,(anonymous_2)
FNF:1
FNH:1
FNDA:3,(anonymous_2)
DA:1,3
DA:2,3
DA:3,3
DA:4,3
DA:5,3
DA:7,3
DA:13,3
DA:16,3
DA:21,10
LF:9
LH:9
BRF:0
BRH:0
end_of_record
TN:
SF:src\store\selectedItemsSlice.ts
FN:16,(anonymous_5)
FN:19,(anonymous_6)
FN:20,(anonymous_7)
FN:26,(anonymous_8)
FNF:4
FNH:0
FNDA:0,(anonymous_5)
FNDA:0,(anonymous_6)
FNDA:0,(anonymous_7)
FNDA:0,(anonymous_8)
DA:1,1
DA:8,1
DA:12,1
DA:17,0
DA:20,0
DA:21,0
DA:23,0
DA:27,0
DA:32,1
DA:33,1
LF:10
LH:5
BRF:0
BRH:0
end_of_record
TN:
SF:src\store\uiSlice.ts
FN:15,(anonymous_3)
FNF:1
FNH:0
FNDA:0,(anonymous_3)
DA:1,3
DA:7,3
DA:11,3
DA:16,0
DA:21,3
DA:22,3
LF:6
LH:5
BRF:0
BRH:0
end_of_record
